rbd_1024_randwrite_1m: (g=0): rw=randwrite, bs=(R) 1024KiB-1024KiB, (W) 1024KiB-1024KiB, (T) 1024KiB-1024KiB, ioengine=rbd, iodepth=1024
fio-3.1
Starting 1 process

rbd_1024_randwrite_1m: (groupid=0, jobs=1): err= 0: pid=2795640: Mon Jun  1 09:12:31 2020
  write: IOPS=505, BW=506MiB/s (530MB/s)(297GiB/601802msec)
    slat (usec): min=216, max=5252, avg=369.68, stdev=118.49
    clat (msec): min=730, max=4181, avg=2023.54, stdev=324.61
     lat (msec): min=731, max=4182, avg=2023.91, stdev=324.60
    clat percentiles (msec):
     |  1.00th=[ 1653],  5.00th=[ 1720], 10.00th=[ 1754], 20.00th=[ 1804],
     | 30.00th=[ 1854], 40.00th=[ 1888], 50.00th=[ 1938], 60.00th=[ 1989],
     | 70.00th=[ 2056], 80.00th=[ 2165], 90.00th=[ 2433], 95.00th=[ 2702],
     | 99.00th=[ 3239], 99.50th=[ 3440], 99.90th=[ 3742], 99.95th=[ 3876],
     | 99.99th=[ 4044]
   bw (  KiB/s): min= 2048, max=972800, per=100.00%, avg=519297.81, stdev=98672.11, samples=1197
   iops        : min=    2, max=  950, avg=507.07, stdev=96.35, samples=1197
  lat (msec)   : 750=0.01%, 1000=0.24%, 2000=62.90%, >=2000=36.86%
  cpu          : usr=44.91%, sys=54.99%, ctx=103599, majf=0, minf=8935598
  IO depths    : 1=0.1%, 2=0.1%, 4=0.1%, 8=0.1%, 16=0.1%, 32=0.1%, >=64=100.0%
     submit    : 0=0.0%, 4=100.0%, 8=0.0%, 16=0.0%, 32=0.0%, 64=0.0%, >=64=0.0%
     complete  : 0=0.0%, 4=100.0%, 8=0.0%, 16=0.0%, 32=0.0%, 64=0.0%, >=64=0.1%
     issued rwt: total=0,304283,0, short=0,0,0, dropped=0,0,0
     latency   : target=0, window=0, percentile=100.00%, depth=1024

Run status group 0 (all jobs):
  WRITE: bw=506MiB/s (530MB/s), 506MiB/s-506MiB/s (530MB/s-530MB/s), io=297GiB (319GB), run=601802-601802msec

Disk stats (read/write):
  sda: ios=0/22158, merge=0/12352, ticks=0/100536, in_queue=100532, util=0.78%
