rbd_1024_randwrite_1m: (g=0): rw=randread, bs=(R) 1024KiB-1024KiB, (W) 1024KiB-1024KiB, (T) 1024KiB-1024KiB, ioengine=rbd, iodepth=1024
fio-3.1
Starting 1 process

rbd_1024_randwrite_1m: (groupid=0, jobs=1): err= 0: pid=2831345: Mon Jun  1 09:32:35 2020
   read: IOPS=1237, BW=1238MiB/s (1298MB/s)(727GiB/601546msec)
    slat (nsec): min=708, max=1049.4k, avg=2699.87, stdev=3070.30
    clat (msec): min=10, max=4455, avg=827.33, stdev=162.01
     lat (msec): min=10, max=4455, avg=827.33, stdev=162.01
    clat percentiles (msec):
     |  1.00th=[  693],  5.00th=[  709], 10.00th=[  718], 20.00th=[  735],
     | 30.00th=[  743], 40.00th=[  760], 50.00th=[  776], 60.00th=[  802],
     | 70.00th=[  844], 80.00th=[  902], 90.00th=[  986], 95.00th=[ 1062],
     | 99.00th=[ 1418], 99.50th=[ 1770], 99.90th=[ 2567], 99.95th=[ 2802],
     | 99.99th=[ 3171]
   bw (  MiB/s): min=    4, max= 1568, per=100.00%, avg=1238.36, stdev=167.11, samples=1201
   iops        : min=    4, max= 1568, avg=1238.31, stdev=167.14, samples=1201
  lat (msec)   : 20=0.01%, 50=0.01%, 100=0.01%, 250=0.02%, 500=0.03%
  lat (msec)   : 750=33.60%, 1000=57.48%, 2000=8.54%, >=2000=0.31%
  cpu          : usr=32.65%, sys=66.97%, ctx=688779, majf=0, minf=3011
  IO depths    : 1=0.1%, 2=0.1%, 4=0.1%, 8=0.1%, 16=0.1%, 32=0.1%, >=64=100.0%
     submit    : 0=0.0%, 4=100.0%, 8=0.0%, 16=0.0%, 32=0.0%, 64=0.0%, >=64=0.0%
     complete  : 0=0.0%, 4=100.0%, 8=0.0%, 16=0.0%, 32=0.0%, 64=0.0%, >=64=0.1%
     issued rwt: total=744537,0,0, short=0,0,0, dropped=0,0,0
     latency   : target=0, window=0, percentile=100.00%, depth=1024

Run status group 0 (all jobs):
   READ: bw=1238MiB/s (1298MB/s), 1238MiB/s-1238MiB/s (1298MB/s-1298MB/s), io=727GiB (781GB), run=601546-601546msec

Disk stats (read/write):
  sda: ios=0/21085, merge=0/12219, ticks=0/159684, in_queue=159664, util=0.97%
