rbd_1024_randwrite_4k: (g=0): rw=randread, bs=(R) 4096B-4096B, (W) 4096B-4096B, (T) 4096B-4096B, ioengine=rbd, iodepth=1024
fio-3.1
Starting 1 process

rbd_1024_randwrite_4k: (groupid=0, jobs=1): err= 0: pid=2934436: Mon Jun  1 10:22:44 2020
   read: IOPS=16.0k, BW=62.5MiB/s (65.5MB/s)(36.7GiB/600842msec)
    slat (nsec): min=500, max=2613.0k, avg=2009.86, stdev=2502.23
    clat (usec): min=455, max=19095k, avg=63994.86, stdev=647716.61
     lat (usec): min=458, max=19095k, avg=63996.86, stdev=647716.62
    clat percentiles (usec):
     |  1.00th=[     816],  5.00th=[     930], 10.00th=[    1045],
     | 20.00th=[    1532], 30.00th=[    2933], 40.00th=[    6849],
     | 50.00th=[   13698], 60.00th=[   26608], 70.00th=[   34341],
     | 80.00th=[   37487], 90.00th=[   52167], 95.00th=[   91751],
     | 99.00th=[  446694], 99.50th=[ 1468007], 99.90th=[13623100],
     | 99.95th=[15233713], 99.99th=[16844325]
   bw (  KiB/s): min= 8288, max=122904, per=100.00%, avg=64140.44, stdev=22520.45, samples=1200
   iops        : min= 2072, max=30726, avg=16035.07, stdev=5630.15, samples=1200
  lat (usec)   : 500=0.01%, 750=0.18%, 1000=8.06%
  lat (msec)   : 2=16.04%, 4=9.66%, 10=11.34%, 20=10.43%, 50=33.79%
  lat (msec)   : 100=6.01%, 250=2.84%, 500=0.74%, 750=0.22%, 1000=0.11%
  lat (msec)   : 2000=0.22%, >=2000=0.36%
  cpu          : usr=35.61%, sys=62.59%, ctx=3954857, majf=0, minf=285991
  IO depths    : 1=0.1%, 2=0.1%, 4=0.1%, 8=0.1%, 16=0.1%, 32=0.1%, >=64=100.0%
     submit    : 0=0.0%, 4=100.0%, 8=0.0%, 16=0.0%, 32=0.0%, 64=0.0%, >=64=0.0%
     complete  : 0=0.0%, 4=100.0%, 8=0.0%, 16=0.0%, 32=0.0%, 64=0.0%, >=64=0.1%
     issued rwt: total=9613654,0,0, short=0,0,0, dropped=0,0,0
     latency   : target=0, window=0, percentile=100.00%, depth=1024

Run status group 0 (all jobs):
   READ: bw=62.5MiB/s (65.5MB/s), 62.5MiB/s-62.5MiB/s (65.5MB/s-65.5MB/s), io=36.7GiB (39.4GB), run=600842-600842msec

Disk stats (read/write):
  sda: ios=0/21714, merge=0/12321, ticks=0/242708, in_queue=242704, util=1.05%
