rbd_1024_randwrite_4k: (g=0): rw=randwrite, bs=(R) 4096B-4096B, (W) 4096B-4096B, (T) 4096B-4096B, ioengine=rbd, iodepth=1024
fio-3.1
Starting 1 process

rbd_1024_randwrite_4k: (groupid=0, jobs=1): err= 0: pid=2883675: Mon Jun  1 10:02:40 2020
  write: IOPS=4196, BW=16.4MiB/s (17.2MB/s)(9863MiB/601667msec)
    slat (nsec): min=1397, max=6270.9k, avg=6797.68, stdev=12317.25
    clat (msec): min=2, max=27592, avg=244.00, stdev=684.21
     lat (msec): min=2, max=27592, avg=244.01, stdev=684.21
    clat percentiles (msec):
     |  1.00th=[    7],  5.00th=[   13], 10.00th=[   18], 20.00th=[   30],
     | 30.00th=[   47], 40.00th=[   73], 50.00th=[  108], 60.00th=[  150],
     | 70.00th=[  213], 80.00th=[  317], 90.00th=[  510], 95.00th=[  735],
     | 99.00th=[ 2106], 99.50th=[ 3641], 99.90th=[ 9597], 99.95th=[14429],
     | 99.99th=[17113]
   bw (  KiB/s): min=  144, max=42568, per=100.00%, avg=16838.51, stdev=8224.22, samples=1200
   iops        : min=   36, max=10642, avg=4209.58, stdev=2056.05, samples=1200
  lat (msec)   : 4=0.26%, 10=3.07%, 20=8.60%, 50=19.45%, 100=16.70%
  lat (msec)   : 250=26.18%, 500=15.32%, 750=5.57%, 1000=1.95%, 2000=1.84%
  lat (msec)   : >=2000=1.06%
  cpu          : usr=34.61%, sys=64.28%, ctx=917369, majf=0, minf=2156951
  IO depths    : 1=0.1%, 2=0.1%, 4=0.1%, 8=0.1%, 16=0.1%, 32=0.1%, >=64=100.0%
     submit    : 0=0.0%, 4=100.0%, 8=0.0%, 16=0.0%, 32=0.0%, 64=0.0%, >=64=0.0%
     complete  : 0=0.0%, 4=100.0%, 8=0.0%, 16=0.0%, 32=0.0%, 64=0.0%, >=64=0.1%
     issued rwt: total=0,2524875,0, short=0,0,0, dropped=0,0,0
     latency   : target=0, window=0, percentile=100.00%, depth=1024

Run status group 0 (all jobs):
  WRITE: bw=16.4MiB/s (17.2MB/s), 16.4MiB/s-16.4MiB/s (17.2MB/s-17.2MB/s), io=9863MiB (10.3GB), run=601667-601667msec

Disk stats (read/write):
  sda: ios=104/22165, merge=0/12561, ticks=20/195128, in_queue=195132, util=0.88%
