lv0: (g=0): rw=write, bs=(R) 256KiB-256KiB, (W) 256KiB-256KiB, (T) 256KiB-256KiB, ioengine=libaio, iodepth=16
fio-3.1
Starting 1 process
3;fio-3.1;lv0;0;0;0;0;0;0;0;0;0.000000;0.000000;0;0;0.000000;0.000000;1.000000%=0;5.000000%=0;10.000000%=0;20.000000%=0;30.000000%=0;40.000000%=0;50.000000%=0;60.000000%=0;70.000000%=0;80.000000%=0;90.000000%=0;95.000000%=0;99.000000%=0;99.500000%=0;99.900000%=0;99.950000%=0;99.990000%=0;0%=0;0%=0;0%=0;0;0;0.000000;0.000000;0;0;0.000000%;0.000000;0.000000;86065152;143439;560;600009;8;1351;36.910333;16.892882;3757;1187493;28515.870070;46542.462641;1.000000%=5210;5.000000%=8290;10.000000%=10944;20.000000%=14352;30.000000%=16711;40.000000%=18743;50.000000%=21102;60.000000%=24510;70.000000%=28966;80.000000%=32899;90.000000%=37486;95.000000%=42729;99.000000%=256901;99.500000%=387973;99.900000%=616562;99.950000%=750780;99.990000%=876609;0%=0;0%=0;0%=0;3783;1187530;28553.160823;46542.672674;512;265708;100.000000%;144018.321339;61910.954802;1.055319%;1.566979%;155925;0;2081;0.1%;0.1%;0.1%;0.1%;100.0%;0.0%;0.0%;0.00%;0.00%;0.00%;0.00%;0.00%;0.00%;0.00%;0.00%;0.00%;0.00%;0.00%;0.01%;8.08%;37.57%;51.05%;1.25%;1.01%;0.79%;0.20%;0.04%;0.01%;0.00%

lv0: (groupid=0, jobs=1): err= 0: pid=3546551: Thu May 21 08:52:34 2020
  write: IOPS=560, BW=140MiB/s (147MB/s)(82.1GiB/600009msec)
    slat (usec): min=8, max=1351, avg=36.91, stdev=16.89
    clat (msec): min=3, max=1187, avg=28.52, stdev=46.54
     lat (msec): min=3, max=1187, avg=28.55, stdev=46.54
    clat percentiles (msec):
     |  1.00th=[    6],  5.00th=[    9], 10.00th=[   11], 20.00th=[   15],
     | 30.00th=[   17], 40.00th=[   19], 50.00th=[   22], 60.00th=[   25],
     | 70.00th=[   29], 80.00th=[   33], 90.00th=[   38], 95.00th=[   43],
     | 99.00th=[  257], 99.50th=[  388], 99.90th=[  617], 99.95th=[  751],
     | 99.99th=[  877]
   bw (  KiB/s): min=  512, max=265708, per=100.00%, avg=144018.32, stdev=61910.95, samples=1195
   iops        : min=    2, max= 1037, avg=562.53, stdev=241.85, samples=1195
  lat (msec)   : 4=0.01%, 10=8.08%, 20=37.57%, 50=51.05%, 100=1.25%
  lat (msec)   : 250=1.01%, 500=0.79%, 750=0.20%, 1000=0.04%, 2000=0.01%
  cpu          : usr=1.06%, sys=1.57%, ctx=155925, majf=0, minf=2081
  IO depths    : 1=0.1%, 2=0.1%, 4=0.1%, 8=0.1%, 16=100.0%, 32=0.0%, >=64=0.0%
     submit    : 0=0.0%, 4=100.0%, 8=0.0%, 16=0.0%, 32=0.0%, 64=0.0%, >=64=0.0%
     complete  : 0=0.0%, 4=100.0%, 8=0.0%, 16=0.1%, 32=0.0%, 64=0.0%, >=64=0.0%
     issued rwt: total=0,336192,0, short=0,0,0, dropped=0,0,0
     latency   : target=0, window=0, percentile=100.00%, depth=16

Run status group 0 (all jobs):
  WRITE: bw=140MiB/s (147MB/s), 140MiB/s-140MiB/s (147MB/s-147MB/s), io=82.1GiB (88.1GB), run=600009-600009msec
