libaio_1024_randwrite_4k_re: (g=0): rw=randread, bs=(R) 4096B-4096B, (W) 4096B-4096B, (T) 4096B-4096B, ioengine=libaio, iodepth=1024
fio-3.1
Starting 1 process

libaio_1024_randwrite_4k_re: (groupid=0, jobs=1): err= 0: pid=1694975: Sun May 31 09:33:10 2020
   read: IOPS=27.6k, BW=108MiB/s (113MB/s)(63.2GiB/600029msec)
    slat (nsec): min=1448, max=43081k, avg=34447.32, stdev=192057.18
    clat (msec): min=19, max=140, avg=37.06, stdev=10.41
     lat (msec): min=19, max=140, avg=37.09, stdev=10.41
    clat percentiles (usec):
     |  1.00th=[25822],  5.00th=[27657], 10.00th=[28443], 20.00th=[29754],
     | 30.00th=[30802], 40.00th=[31589], 50.00th=[32637], 60.00th=[33817],
     | 70.00th=[36439], 80.00th=[47973], 90.00th=[54789], 95.00th=[58459],
     | 99.00th=[66847], 99.50th=[70779], 99.90th=[79168], 99.95th=[82314],
     | 99.99th=[90702]
   bw (  KiB/s): min=66560, max=143360, per=99.99%, avg=110410.67, stdev=25067.85, samples=1200
   iops        : min=16640, max=35840, avg=27602.65, stdev=6266.97, samples=1200
  lat (msec)   : 20=0.01%, 50=82.34%, 100=17.66%, 250=0.01%
  cpu          : usr=4.18%, sys=11.54%, ctx=775649, majf=0, minf=1041
  IO depths    : 1=0.1%, 2=0.1%, 4=0.1%, 8=0.1%, 16=0.1%, 32=0.1%, >=64=100.0%
     submit    : 0=0.0%, 4=100.0%, 8=0.0%, 16=0.0%, 32=0.0%, 64=0.0%, >=64=0.0%
     complete  : 0=0.0%, 4=100.0%, 8=0.0%, 16=0.0%, 32=0.0%, 64=0.0%, >=64=0.1%
     issued rwt: total=16564590,0,0, short=0,0,0, dropped=0,0,0
     latency   : target=0, window=0, percentile=100.00%, depth=1024

Run status group 0 (all jobs):
   READ: bw=108MiB/s (113MB/s), 108MiB/s-108MiB/s (113MB/s-113MB/s), io=63.2GiB (67.8GB), run=600029-600029msec
