libaio_1024_randwrite_4k_re: (g=0): rw=randwrite, bs=(R) 4096B-4096B, (W) 4096B-4096B, (T) 4096B-4096B, ioengine=libaio, iodepth=1024
fio-3.1
Starting 1 process

libaio_1024_randwrite_4k_re: (groupid=0, jobs=1): err= 0: pid=1680285: Sun May 31 09:13:07 2020
  write: IOPS=7880, BW=30.8MiB/s (32.3MB/s)(18.0GiB/600012msec)
    slat (usec): min=2, max=774028, avg=124.86, stdev=2534.48
    clat (msec): min=9, max=2361, avg=129.80, stdev=129.73
     lat (msec): min=11, max=2361, avg=129.93, stdev=129.82
    clat percentiles (msec):
     |  1.00th=[   72],  5.00th=[   74], 10.00th=[   77], 20.00th=[   79],
     | 30.00th=[   82], 40.00th=[   84], 50.00th=[   87], 60.00th=[   90],
     | 70.00th=[   96], 80.00th=[  109], 90.00th=[  262], 95.00th=[  388],
     | 99.00th=[  709], 99.50th=[  852], 99.90th=[ 1200], 99.95th=[ 1318],
     | 99.99th=[ 1653]
   bw (  KiB/s): min=  256, max=55808, per=100.00%, avg=31563.60, stdev=15729.97, samples=1199
   iops        : min=   64, max=13952, avg=7890.86, stdev=3932.49, samples=1199
  lat (msec)   : 10=0.01%, 20=0.01%, 50=0.01%, 100=74.86%, 250=14.33%
  lat (msec)   : 500=7.73%, 750=2.32%, 1000=0.44%, 2000=0.31%, >=2000=0.01%
  cpu          : usr=1.61%, sys=3.59%, ctx=159705, majf=0, minf=13
  IO depths    : 1=0.1%, 2=0.1%, 4=0.1%, 8=0.1%, 16=0.1%, 32=0.1%, >=64=100.0%
     submit    : 0=0.0%, 4=100.0%, 8=0.0%, 16=0.0%, 32=0.0%, 64=0.0%, >=64=0.0%
     complete  : 0=0.0%, 4=100.0%, 8=0.0%, 16=0.0%, 32=0.0%, 64=0.0%, >=64=0.1%
     issued rwt: total=0,4728288,0, short=0,0,0, dropped=0,0,0
     latency   : target=0, window=0, percentile=100.00%, depth=1024

Run status group 0 (all jobs):
  WRITE: bw=30.8MiB/s (32.3MB/s), 30.8MiB/s-30.8MiB/s (32.3MB/s-32.3MB/s), io=18.0GiB (19.4GB), run=600012-600012msec
