libaio_1024_randwrite_8k_ec: (g=0): rw=randread, bs=(R) 8192B-8192B, (W) 8192B-8192B, (T) 8192B-8192B, ioengine=libaio, iodepth=1024
fio-3.1
Starting 1 process

libaio_1024_randwrite_8k_ec: (groupid=0, jobs=1): err= 0: pid=1625860: Thu Jun  4 16:06:47 2020
   read: IOPS=20.4k, BW=159MiB/s (167MB/s)(93.4GiB/600032msec)
    slat (nsec): min=1487, max=88789k, avg=46966.85, stdev=274410.47
    clat (msec): min=23, max=541, avg=50.16, stdev=18.21
     lat (msec): min=23, max=541, avg=50.20, stdev=18.22
    clat percentiles (msec):
     |  1.00th=[   29],  5.00th=[   31], 10.00th=[   32], 20.00th=[   34],
     | 30.00th=[   36], 40.00th=[   39], 50.00th=[   43], 60.00th=[   59],
     | 70.00th=[   65], 80.00th=[   68], 90.00th=[   73], 95.00th=[   78],
     | 99.00th=[   95], 99.50th=[  106], 99.90th=[  138], 99.95th=[  150],
     | 99.99th=[  197]
   bw (  KiB/s): min=62976, max=271872, per=99.99%, avg=163140.60, stdev=51884.94, samples=1200
   iops        : min= 7872, max=33984, avg=20392.55, stdev=6485.61, samples=1200
  lat (msec)   : 50=55.81%, 100=43.49%, 250=0.70%, 500=0.01%, 750=0.01%
  cpu          : usr=3.57%, sys=10.01%, ctx=630128, majf=0, minf=91330
  IO depths    : 1=0.1%, 2=0.1%, 4=0.1%, 8=0.1%, 16=0.1%, 32=0.1%, >=64=100.0%
     submit    : 0=0.0%, 4=100.0%, 8=0.0%, 16=0.0%, 32=0.0%, 64=0.0%, >=64=0.0%
     complete  : 0=0.0%, 4=100.0%, 8=0.0%, 16=0.0%, 32=0.0%, 64=0.0%, >=64=0.1%
     issued rwt: total=12237640,0,0, short=0,0,0, dropped=0,0,0
     latency   : target=0, window=0, percentile=100.00%, depth=1024

Run status group 0 (all jobs):
   READ: bw=159MiB/s (167MB/s), 159MiB/s-159MiB/s (167MB/s-167MB/s), io=93.4GiB (100GB), run=600032-600032msec
