libaio_1024_randwrite_1m_re: (g=0): rw=randwrite, bs=(R) 1024KiB-1024KiB, (W) 1024KiB-1024KiB, (T) 1024KiB-1024KiB, ioengine=libaio, iodepth=1024
fio-3.1
Starting 1 process

libaio_1024_randwrite_1m_re: (groupid=0, jobs=1): err= 0: pid=1610405: Sun May 31 08:23:01 2020
  write: IOPS=271, BW=272MiB/s (285MB/s)(159GiB/600335msec)
    slat (usec): min=25, max=2097.8k, avg=3671.84, stdev=16648.76
    clat (msec): min=282, max=5924, avg=3744.82, stdev=517.09
     lat (msec): min=362, max=5936, avg=3748.49, stdev=517.33
    clat percentiles (msec):
     |  1.00th=[ 3104],  5.00th=[ 3239], 10.00th=[ 3306], 20.00th=[ 3406],
     | 30.00th=[ 3473], 40.00th=[ 3540], 50.00th=[ 3608], 60.00th=[ 3675],
     | 70.00th=[ 3775], 80.00th=[ 4010], 90.00th=[ 4530], 95.00th=[ 4799],
     | 99.00th=[ 5604], 99.50th=[ 5738], 99.90th=[ 5805], 99.95th=[ 5873],
     | 99.99th=[ 5873]
   bw (  KiB/s): min=32768, max=393216, per=100.00%, avg=281260.67, stdev=53135.61, samples=1181
   iops        : min=   32, max=  384, avg=274.63, stdev=51.90, samples=1181
  lat (msec)   : 500=0.03%, 750=0.04%, 1000=0.03%, 2000=0.15%, >=2000=99.75%
  cpu          : usr=1.76%, sys=1.50%, ctx=14265, majf=0, minf=262324
  IO depths    : 1=0.1%, 2=0.1%, 4=0.1%, 8=0.1%, 16=0.1%, 32=0.1%, >=64=100.0%
     submit    : 0=0.0%, 4=100.0%, 8=0.0%, 16=0.0%, 32=0.0%, 64=0.0%, >=64=0.0%
     complete  : 0=0.0%, 4=100.0%, 8=0.0%, 16=0.0%, 32=0.0%, 64=0.0%, >=64=0.1%
     issued rwt: total=0,163241,0, short=0,0,0, dropped=0,0,0
     latency   : target=0, window=0, percentile=100.00%, depth=1024

Run status group 0 (all jobs):
  WRITE: bw=272MiB/s (285MB/s), 272MiB/s-272MiB/s (285MB/s-285MB/s), io=159GiB (171GB), run=600335-600335msec
