libaio_1024_randwrite_1m_re: (g=0): rw=randread, bs=(R) 1024KiB-1024KiB, (W) 1024KiB-1024KiB, (T) 1024KiB-1024KiB, ioengine=libaio, iodepth=1024
fio-3.1
Starting 1 process

libaio_1024_randwrite_1m_re: (groupid=0, jobs=1): err= 0: pid=1644690: Sun May 31 08:43:03 2020
   read: IOPS=566, BW=566MiB/s (594MB/s)(332GiB/600253msec)
    slat (usec): min=24, max=686232, avg=1762.38, stdev=7284.78
    clat (msec): min=243, max=4082, avg=1804.30, stdev=370.09
     lat (msec): min=275, max=4082, avg=1806.06, stdev=370.40
    clat percentiles (msec):
     |  1.00th=[ 1469],  5.00th=[ 1502], 10.00th=[ 1519], 20.00th=[ 1552],
     | 30.00th=[ 1586], 40.00th=[ 1687], 50.00th=[ 1737], 60.00th=[ 1754],
     | 70.00th=[ 1804], 80.00th=[ 1888], 90.00th=[ 2265], 95.00th=[ 2735],
     | 99.00th=[ 3071], 99.50th=[ 3306], 99.90th=[ 3675], 99.95th=[ 3708],
     | 99.99th=[ 3775]
   bw (  KiB/s): min=32768, max=753664, per=99.98%, avg=579588.32, stdev=113813.35, samples=1197
   iops        : min=   32, max=  736, avg=565.97, stdev=111.14, samples=1197
  lat (msec)   : 250=0.01%, 500=0.05%, 750=0.04%, 1000=0.03%, 2000=86.22%
  lat (msec)   : >=2000=13.66%
  cpu          : usr=0.18%, sys=3.13%, ctx=26421, majf=0, minf=262564
  IO depths    : 1=0.1%, 2=0.1%, 4=0.1%, 8=0.1%, 16=0.1%, 32=0.1%, >=64=100.0%
     submit    : 0=0.0%, 4=100.0%, 8=0.0%, 16=0.0%, 32=0.0%, 64=0.0%, >=64=0.0%
     complete  : 0=0.0%, 4=100.0%, 8=0.0%, 16=0.0%, 32=0.0%, 64=0.0%, >=64=0.1%
     issued rwt: total=339814,0,0, short=0,0,0, dropped=0,0,0
     latency   : target=0, window=0, percentile=100.00%, depth=1024

Run status group 0 (all jobs):
   READ: bw=566MiB/s (594MB/s), 566MiB/s-566MiB/s (594MB/s-594MB/s), io=332GiB (356GB), run=600253-600253msec
