libaio_1024_randwrite_8k_re: (g=0): rw=randread, bs=(R) 8192B-8192B, (W) 8192B-8192B, (T) 8192B-8192B, ioengine=libaio, iodepth=1024
fio-3.1
Starting 1 process

libaio_1024_randwrite_8k_re: (groupid=0, jobs=1): err= 0: pid=1733812: Sun May 31 10:23:16 2020
   read: IOPS=24.8k, BW=194MiB/s (204MB/s)(114GiB/600018msec)
    slat (nsec): min=1586, max=110491k, avg=38354.23, stdev=211196.13
    clat (msec): min=16, max=290, avg=41.17, stdev= 8.67
     lat (msec): min=17, max=290, avg=41.20, stdev= 8.68
    clat percentiles (msec):
     |  1.00th=[   31],  5.00th=[   33], 10.00th=[   34], 20.00th=[   36],
     | 30.00th=[   37], 40.00th=[   38], 50.00th=[   40], 60.00th=[   41],
     | 70.00th=[   42], 80.00th=[   46], 90.00th=[   54], 95.00th=[   58],
     | 99.00th=[   68], 99.50th=[   73], 99.90th=[  110], 99.95th=[  144],
     | 99.99th=[  201]
   bw (  KiB/s): min=81408, max=248544, per=99.99%, avg=198783.24, stdev=28854.06, samples=1200
   iops        : min=10176, max=31068, avg=24847.88, stdev=3606.77, samples=1200
  lat (msec)   : 20=0.01%, 50=85.50%, 100=14.38%, 250=0.12%, 500=0.01%
  cpu          : usr=4.28%, sys=11.09%, ctx=706863, majf=0, minf=2067
  IO depths    : 1=0.1%, 2=0.1%, 4=0.1%, 8=0.1%, 16=0.1%, 32=0.1%, >=64=100.0%
     submit    : 0=0.0%, 4=100.0%, 8=0.0%, 16=0.0%, 32=0.0%, 64=0.0%, >=64=0.0%
     complete  : 0=0.0%, 4=100.0%, 8=0.0%, 16=0.0%, 32=0.0%, 64=0.0%, >=64=0.1%
     issued rwt: total=14910888,0,0, short=0,0,0, dropped=0,0,0
     latency   : target=0, window=0, percentile=100.00%, depth=1024

Run status group 0 (all jobs):
   READ: bw=194MiB/s (204MB/s), 194MiB/s-194MiB/s (204MB/s-204MB/s), io=114GiB (122GB), run=600018-600018msec
