libaio_1024_randwrite_8k_ec: (g=0): rw=randwrite, bs=(R) 8192B-8192B, (W) 8192B-8192B, (T) 8192B-8192B, ioengine=libaio, iodepth=1024
fio-3.1
Starting 1 process

libaio_1024_randwrite_8k_ec: (groupid=0, jobs=1): err= 0: pid=1603345: Thu Jun  4 15:46:43 2020
  write: IOPS=6207, BW=48.5MiB/s (50.9MB/s)(28.4GiB/600100msec)
    slat (usec): min=2, max=1010.8k, avg=158.81, stdev=2663.15
    clat (msec): min=60, max=1991, avg=164.77, stdev=146.77
     lat (msec): min=76, max=1991, avg=164.93, stdev=146.87
    clat percentiles (msec):
     |  1.00th=[   86],  5.00th=[   90], 10.00th=[   93], 20.00th=[   97],
     | 30.00th=[  102], 40.00th=[  105], 50.00th=[  110], 60.00th=[  116],
     | 70.00th=[  127], 80.00th=[  180], 90.00th=[  313], 95.00th=[  460],
     | 99.00th=[  802], 99.50th=[  995], 99.90th=[ 1385], 99.95th=[ 1452],
     | 99.99th=[ 1687]
   bw (  KiB/s): min= 1024, max=94720, per=100.00%, avg=49738.51, stdev=24814.68, samples=1199
   iops        : min=  128, max=11840, avg=6217.27, stdev=3101.83, samples=1199
  lat (msec)   : 100=27.95%, 250=56.46%, 500=11.33%, 750=3.08%, 1000=0.70%
  lat (msec)   : 2000=0.49%
  cpu          : usr=1.56%, sys=3.34%, ctx=124995, majf=0, minf=12702
  IO depths    : 1=0.1%, 2=0.1%, 4=0.1%, 8=0.1%, 16=0.1%, 32=0.1%, >=64=100.0%
     submit    : 0=0.0%, 4=100.0%, 8=0.0%, 16=0.0%, 32=0.0%, 64=0.0%, >=64=0.0%
     complete  : 0=0.0%, 4=100.0%, 8=0.0%, 16=0.0%, 32=0.0%, 64=0.0%, >=64=0.1%
     issued rwt: total=0,3725346,0, short=0,0,0, dropped=0,0,0
     latency   : target=0, window=0, percentile=100.00%, depth=1024

Run status group 0 (all jobs):
  WRITE: bw=48.5MiB/s (50.9MB/s), 48.5MiB/s-48.5MiB/s (50.9MB/s-50.9MB/s), io=28.4GiB (30.5GB), run=600100-600100msec
