sync_1024_randwrite_1m_re: (g=0): rw=randwrite, bs=(R) 1024KiB-1024KiB, (W) 1024KiB-1024KiB, (T) 1024KiB-1024KiB, ioengine=sync, iodepth=1024
fio-3.1
Starting 1 process

sync_1024_randwrite_1m_re: (groupid=0, jobs=1): err= 0: pid=1941010: Sun May 31 16:08:57 2020
  write: IOPS=55, BW=55.8MiB/s (58.5MB/s)(32.7GiB/600015msec)
    clat (msec): min=7, max=1602, avg=17.87, stdev=13.64
     lat (msec): min=7, max=1602, avg=17.91, stdev=13.64
    clat percentiles (msec):
     |  1.00th=[    9],  5.00th=[   10], 10.00th=[   10], 20.00th=[   11],
     | 30.00th=[   13], 40.00th=[   15], 50.00th=[   17], 60.00th=[   19],
     | 70.00th=[   21], 80.00th=[   23], 90.00th=[   26], 95.00th=[   34],
     | 99.00th=[   45], 99.50th=[   50], 99.90th=[   82], 99.95th=[  241],
     | 99.99th=[  359]
   bw (  KiB/s): min= 2048, max=88064, per=100.00%, avg=57235.38, stdev=9734.75, samples=1198
   iops        : min=    2, max=   86, avg=55.83, stdev= 9.51, samples=1198
  lat (msec)   : 10=14.56%, 20=52.80%, 50=32.20%, 100=0.35%, 250=0.05%
  lat (msec)   : 500=0.04%, 2000=0.01%
  cpu          : usr=0.27%, sys=0.34%, ctx=33490, majf=0, minf=6
  IO depths    : 1=100.0%, 2=0.0%, 4=0.0%, 8=0.0%, 16=0.0%, 32=0.0%, >=64=0.0%
     submit    : 0=0.0%, 4=100.0%, 8=0.0%, 16=0.0%, 32=0.0%, 64=0.0%, >=64=0.0%
     complete  : 0=0.0%, 4=100.0%, 8=0.0%, 16=0.0%, 32=0.0%, 64=0.0%, >=64=0.0%
     issued rwt: total=0,33486,0, short=0,0,0, dropped=0,0,0
     latency   : target=0, window=0, percentile=100.00%, depth=1024

Run status group 0 (all jobs):
  WRITE: bw=55.8MiB/s (58.5MB/s), 55.8MiB/s-55.8MiB/s (58.5MB/s-58.5MB/s), io=32.7GiB (35.1GB), run=600015-600015msec
