sync_1024_randwrite_1m_re: (g=0): rw=randread, bs=(R) 1024KiB-1024KiB, (W) 1024KiB-1024KiB, (T) 1024KiB-1024KiB, ioengine=sync, iodepth=1024
fio-3.1
Starting 1 process

sync_1024_randwrite_1m_re: (groupid=0, jobs=1): err= 0: pid=1968689: Sun May 31 16:28:58 2020
   read: IOPS=131, BW=132MiB/s (138MB/s)(77.2GiB/600002msec)
    clat (msec): min=4, max=168, avg= 7.58, stdev= 6.35
     lat (msec): min=4, max=168, avg= 7.58, stdev= 6.35
    clat percentiles (msec):
     |  1.00th=[    6],  5.00th=[    6], 10.00th=[    6], 20.00th=[    6],
     | 30.00th=[    6], 40.00th=[    7], 50.00th=[    7], 60.00th=[    7],
     | 70.00th=[    7], 80.00th=[    7], 90.00th=[    7], 95.00th=[   19],
     | 99.00th=[   40], 99.50th=[   46], 99.90th=[   58], 99.95th=[   67],
     | 99.99th=[  108]
   bw (  KiB/s): min=55296, max=178176, per=99.99%, avg=134981.42, stdev=27709.14, samples=1200
   iops        : min=   54, max=  174, avg=131.78, stdev=27.06, samples=1200
  lat (msec)   : 10=93.37%, 20=1.84%, 50=4.53%, 100=0.25%, 250=0.01%
  cpu          : usr=0.09%, sys=1.22%, ctx=79118, majf=0, minf=263
  IO depths    : 1=100.0%, 2=0.0%, 4=0.0%, 8=0.0%, 16=0.0%, 32=0.0%, >=64=0.0%
     submit    : 0=0.0%, 4=100.0%, 8=0.0%, 16=0.0%, 32=0.0%, 64=0.0%, >=64=0.0%
     complete  : 0=0.0%, 4=100.0%, 8=0.0%, 16=0.0%, 32=0.0%, 64=0.0%, >=64=0.0%
     issued rwt: total=79099,0,0, short=0,0,0, dropped=0,0,0
     latency   : target=0, window=0, percentile=100.00%, depth=1024

Run status group 0 (all jobs):
   READ: bw=132MiB/s (138MB/s), 132MiB/s-132MiB/s (138MB/s-138MB/s), io=77.2GiB (82.9GB), run=600002-600002msec
