sync_1024_randwrite_4k_re: (g=0): rw=randread, bs=(R) 4096B-4096B, (W) 4096B-4096B, (T) 4096B-4096B, ioengine=sync, iodepth=1024
fio-3.1
Starting 1 process

sync_1024_randwrite_4k_re: (groupid=0, jobs=1): err= 0: pid=2000965: Sun May 31 17:19:03 2020
   read: IOPS=860, BW=3442KiB/s (3525kB/s)(2017MiB/600001msec)
    clat (usec): min=477, max=512600, avg=1158.39, stdev=2957.92
     lat (usec): min=477, max=512601, avg=1158.63, stdev=2957.92
    clat percentiles (usec):
     |  1.00th=[  758],  5.00th=[  857], 10.00th=[  906], 20.00th=[  971],
     | 30.00th=[ 1012], 40.00th=[ 1057], 50.00th=[ 1090], 60.00th=[ 1123],
     | 70.00th=[ 1172], 80.00th=[ 1221], 90.00th=[ 1303], 95.00th=[ 1385],
     | 99.00th=[ 1565], 99.50th=[ 1680], 99.90th=[16712], 99.95th=[23200],
     | 99.99th=[51119]
   bw (  KiB/s): min=   16, max= 4432, per=100.00%, avg=3442.18, stdev=623.06, samples=1200
   iops        : min=    4, max= 1108, avg=860.52, stdev=155.78, samples=1200
  lat (usec)   : 500=0.01%, 750=0.87%, 1000=26.00%
  lat (msec)   : 2=72.79%, 4=0.09%, 10=0.08%, 20=0.10%, 50=0.06%
  lat (msec)   : 100=0.01%, 250=0.01%, 500=0.01%, 750=0.01%
  cpu          : usr=0.50%, sys=1.36%, ctx=516343, majf=0, minf=8
  IO depths    : 1=100.0%, 2=0.0%, 4=0.0%, 8=0.0%, 16=0.0%, 32=0.0%, >=64=0.0%
     submit    : 0=0.0%, 4=100.0%, 8=0.0%, 16=0.0%, 32=0.0%, 64=0.0%, >=64=0.0%
     complete  : 0=0.0%, 4=100.0%, 8=0.0%, 16=0.0%, 32=0.0%, 64=0.0%, >=64=0.0%
     issued rwt: total=516330,0,0, short=0,0,0, dropped=0,0,0
     latency   : target=0, window=0, percentile=100.00%, depth=1024

Run status group 0 (all jobs):
   READ: bw=3442KiB/s (3525kB/s), 3442KiB/s-3442KiB/s (3525kB/s-3525kB/s), io=2017MiB (2115MB), run=600001-600001msec
