sync_1024_randwrite_8k_re: (g=0): rw=randwrite, bs=(R) 8192B-8192B, (W) 8192B-8192B, (T) 8192B-8192B, ioengine=sync, iodepth=1024
fio-3.1
Starting 1 process

sync_1024_randwrite_8k_re: (groupid=0, jobs=1): err= 0: pid=2019022: Sun May 31 17:49:06 2020
  write: IOPS=248, BW=1990KiB/s (2037kB/s)(1166MiB/600003msec)
    clat (usec): min=1746, max=335315, avg=4014.85, stdev=4204.58
     lat (usec): min=1746, max=335316, avg=4015.40, stdev=4204.59
    clat percentiles (msec):
     |  1.00th=[    3],  5.00th=[    3], 10.00th=[    3], 20.00th=[    3],
     | 30.00th=[    3], 40.00th=[    3], 50.00th=[    3], 60.00th=[    3],
     | 70.00th=[    3], 80.00th=[    3], 90.00th=[   10], 95.00th=[   14],
     | 99.00th=[   18], 99.50th=[   19], 99.90th=[   29], 99.95th=[   34],
     | 99.99th=[  103]
   bw (  KiB/s): min=  544, max= 2464, per=100.00%, avg=1989.40, stdev=203.13, samples=1200
   iops        : min=   68, max=  308, avg=248.65, stdev=25.39, samples=1200
  lat (msec)   : 2=0.14%, 4=85.83%, 10=4.87%, 20=8.83%, 50=0.31%
  lat (msec)   : 100=0.01%, 250=0.01%, 500=0.01%
  cpu          : usr=0.19%, sys=0.44%, ctx=149233, majf=0, minf=4214
  IO depths    : 1=100.0%, 2=0.0%, 4=0.0%, 8=0.0%, 16=0.0%, 32=0.0%, >=64=0.0%
     submit    : 0=0.0%, 4=100.0%, 8=0.0%, 16=0.0%, 32=0.0%, 64=0.0%, >=64=0.0%
     complete  : 0=0.0%, 4=100.0%, 8=0.0%, 16=0.0%, 32=0.0%, 64=0.0%, >=64=0.0%
     issued rwt: total=0,149228,0, short=0,0,0, dropped=0,0,0
     latency   : target=0, window=0, percentile=100.00%, depth=1024

Run status group 0 (all jobs):
  WRITE: bw=1990KiB/s (2037kB/s), 1990KiB/s-1990KiB/s (2037kB/s-2037kB/s), io=1166MiB (1222MB), run=600003-600003msec
