sync_1024_randwrite_4k_re: (g=0): rw=randwrite, bs=(R) 4096B-4096B, (W) 4096B-4096B, (T) 4096B-4096B, ioengine=sync, iodepth=1024
fio-3.1
Starting 1 process

sync_1024_randwrite_4k_re: (groupid=0, jobs=1): err= 0: pid=1988866: Sun May 31 16:59:02 2020
  write: IOPS=256, BW=1028KiB/s (1052kB/s)(602MiB/600007msec)
    clat (usec): min=1592, max=302485, avg=3887.29, stdev=4590.93
     lat (usec): min=1593, max=302485, avg=3887.78, stdev=4590.93
    clat percentiles (msec):
     |  1.00th=[    3],  5.00th=[    3], 10.00th=[    3], 20.00th=[    3],
     | 30.00th=[    3], 40.00th=[    3], 50.00th=[    3], 60.00th=[    3],
     | 70.00th=[    3], 80.00th=[    3], 90.00th=[    9], 95.00th=[   14],
     | 99.00th=[   18], 99.50th=[   19], 99.90th=[   32], 99.95th=[   42],
     | 99.99th=[  180]
   bw (  KiB/s): min=  352, max= 1344, per=100.00%, avg=1027.44, stdev=122.15, samples=1200
   iops        : min=   88, max=  336, avg=256.84, stdev=30.55, samples=1200
  lat (msec)   : 2=0.30%, 4=86.81%, 10=4.52%, 20=8.01%, 50=0.33%
  lat (msec)   : 100=0.01%, 250=0.02%, 500=0.01%
  cpu          : usr=0.21%, sys=0.43%, ctx=154141, majf=0, minf=5
  IO depths    : 1=100.0%, 2=0.0%, 4=0.0%, 8=0.0%, 16=0.0%, 32=0.0%, >=64=0.0%
     submit    : 0=0.0%, 4=100.0%, 8=0.0%, 16=0.0%, 32=0.0%, 64=0.0%, >=64=0.0%
     complete  : 0=0.0%, 4=100.0%, 8=0.0%, 16=0.0%, 32=0.0%, 64=0.0%, >=64=0.0%
     issued rwt: total=0,154138,0, short=0,0,0, dropped=0,0,0
     latency   : target=0, window=0, percentile=100.00%, depth=1024

Run status group 0 (all jobs):
  WRITE: bw=1028KiB/s (1052kB/s), 1028KiB/s-1028KiB/s (1052kB/s-1052kB/s), io=602MiB (631MB), run=600007-600007msec
