sync_1024_randwrite_8k_re: (g=0): rw=randread, bs=(R) 8192B-8192B, (W) 8192B-8192B, (T) 8192B-8192B, ioengine=sync, iodepth=1024
fio-3.1
Starting 1 process

sync_1024_randwrite_8k_re: (groupid=0, jobs=1): err= 0: pid=2031178: Sun May 31 18:09:08 2020
   read: IOPS=835, BW=6685KiB/s (6846kB/s)(3917MiB/600001msec)
    clat (usec): min=493, max=596805, avg=1193.07, stdev=2119.53
     lat (usec): min=493, max=596806, avg=1193.30, stdev=2119.53
    clat percentiles (usec):
     |  1.00th=[  791],  5.00th=[  889], 10.00th=[  947], 20.00th=[ 1012],
     | 30.00th=[ 1057], 40.00th=[ 1106], 50.00th=[ 1139], 60.00th=[ 1172],
     | 70.00th=[ 1221], 80.00th=[ 1270], 90.00th=[ 1352], 95.00th=[ 1434],
     | 99.00th=[ 1598], 99.50th=[ 1795], 99.90th=[18744], 99.95th=[23200],
     | 99.99th=[28181]
   bw (  KiB/s): min=  384, max= 8960, per=99.99%, avg=6684.65, stdev=985.52, samples=1200
   iops        : min=   48, max= 1120, avg=835.56, stdev=123.20, samples=1200
  lat (usec)   : 500=0.01%, 750=0.43%, 1000=17.71%
  lat (msec)   : 2=81.42%, 4=0.14%, 10=0.11%, 20=0.11%, 50=0.08%
  lat (msec)   : 100=0.01%, 250=0.01%, 500=0.01%, 750=0.01%
  cpu          : usr=0.46%, sys=1.37%, ctx=501427, majf=0, minf=8
  IO depths    : 1=100.0%, 2=0.0%, 4=0.0%, 8=0.0%, 16=0.0%, 32=0.0%, >=64=0.0%
     submit    : 0=0.0%, 4=100.0%, 8=0.0%, 16=0.0%, 32=0.0%, 64=0.0%, >=64=0.0%
     complete  : 0=0.0%, 4=100.0%, 8=0.0%, 16=0.0%, 32=0.0%, 64=0.0%, >=64=0.0%
     issued rwt: total=501411,0,0, short=0,0,0, dropped=0,0,0
     latency   : target=0, window=0, percentile=100.00%, depth=1024

Run status group 0 (all jobs):
   READ: bw=6685KiB/s (6846kB/s), 6685KiB/s-6685KiB/s (6846kB/s-6846kB/s), io=3917MiB (4108MB), run=600001-600001msec
