libaio_1024_randwrite_4k_ec: (g=0): rw=randwrite, bs=(R) 4096B-4096B, (W) 4096B-4096B, (T) 4096B-4096B, ioengine=libaio, iodepth=1024
fio-3.1
Starting 1 process

libaio_1024_randwrite_4k_ec: (groupid=0, jobs=1): err= 0: pid=259324: Wed Jun  3 15:35:22 2020
  write: IOPS=2544, BW=9.94MiB/s (10.4MB/s)(5964MiB/600059msec)
    slat (nsec): min=1964, max=1698.0M, avg=390878.75, stdev=5027601.90
    clat (msec): min=51, max=4135, avg=402.02, stdev=314.85
     lat (msec): min=60, max=4135, avg=402.41, stdev=315.10
    clat percentiles (msec):
     |  1.00th=[  239],  5.00th=[  249], 10.00th=[  255], 20.00th=[  262],
     | 30.00th=[  268], 40.00th=[  275], 50.00th=[  284], 60.00th=[  292],
     | 70.00th=[  313], 80.00th=[  464], 90.00th=[  709], 95.00th=[  978],
     | 99.00th=[ 1821], 99.50th=[ 2140], 99.90th=[ 3037], 99.95th=[ 3272],
     | 99.99th=[ 3842]
   bw (  KiB/s): min=  255, max=17664, per=100.00%, avg=10221.06, stdev=5124.80, samples=1194
   iops        : min=   63, max= 4416, avg=2555.24, stdev=1281.22, samples=1194
  lat (msec)   : 100=0.01%, 250=6.49%, 500=74.84%, 750=9.70%, 1000=4.20%
  lat (msec)   : 2000=4.10%, >=2000=0.66%
  cpu          : usr=0.55%, sys=1.14%, ctx=49536, majf=0, minf=12
  IO depths    : 1=0.1%, 2=0.1%, 4=0.1%, 8=0.1%, 16=0.1%, 32=0.1%, >=64=100.0%
     submit    : 0=0.0%, 4=100.0%, 8=0.0%, 16=0.0%, 32=0.0%, 64=0.0%, >=64=0.0%
     complete  : 0=0.0%, 4=100.0%, 8=0.0%, 16=0.0%, 32=0.0%, 64=0.0%, >=64=0.1%
     issued rwt: total=0,1526656,0, short=0,0,0, dropped=0,0,0
     latency   : target=0, window=0, percentile=100.00%, depth=1024

Run status group 0 (all jobs):
  WRITE: bw=9.94MiB/s (10.4MB/s), 9.94MiB/s-9.94MiB/s (10.4MB/s-10.4MB/s), io=5964MiB (6253MB), run=600059-600059msec
