libaio_1024_randwrite_4k_ec: (g=0): rw=randread, bs=(R) 4096B-4096B, (W) 4096B-4096B, (T) 4096B-4096B, ioengine=libaio, iodepth=1024
fio-3.1
Starting 1 process

libaio_1024_randwrite_4k_ec: (groupid=0, jobs=1): err= 0: pid=278001: Wed Jun  3 15:55:25 2020
   read: IOPS=6419, BW=25.1MiB/s (26.3MB/s)(14.7GiB/600081msec)
    slat (nsec): min=1692, max=263197k, avg=153490.21, stdev=1348281.68
    clat (msec): min=36, max=775, avg=159.36, stdev=177.16
     lat (msec): min=36, max=775, avg=159.51, stdev=177.33
    clat percentiles (msec):
     |  1.00th=[   40],  5.00th=[   42], 10.00th=[   43], 20.00th=[   49],
     | 30.00th=[   62], 40.00th=[   75], 50.00th=[   81], 60.00th=[   84],
     | 70.00th=[   91], 80.00th=[  464], 90.00th=[  506], 95.00th=[  523],
     | 99.00th=[  550], 99.50th=[  558], 99.90th=[  592], 99.95th=[  625],
     | 99.99th=[  667]
   bw (  KiB/s): min= 5888, max=82176, per=99.98%, avg=25671.76, stdev=24293.91, samples=1200
   iops        : min= 1472, max=20544, avg=6417.92, stdev=6073.47, samples=1200
  lat (msec)   : 50=21.25%, 100=52.84%, 250=5.73%, 500=7.27%, 750=12.90%
  lat (msec)   : 1000=0.01%
  cpu          : usr=1.29%, sys=2.97%, ctx=144586, majf=0, minf=37842
  IO depths    : 1=0.1%, 2=0.1%, 4=0.1%, 8=0.1%, 16=0.1%, 32=0.1%, >=64=100.0%
     submit    : 0=0.0%, 4=100.0%, 8=0.0%, 16=0.0%, 32=0.0%, 64=0.0%, >=64=0.0%
     complete  : 0=0.0%, 4=100.0%, 8=0.0%, 16=0.0%, 32=0.0%, 64=0.0%, >=64=0.1%
     issued rwt: total=3852066,0,0, short=0,0,0, dropped=0,0,0
     latency   : target=0, window=0, percentile=100.00%, depth=1024

Run status group 0 (all jobs):
   READ: bw=25.1MiB/s (26.3MB/s), 25.1MiB/s-25.1MiB/s (26.3MB/s-26.3MB/s), io=14.7GiB (15.8GB), run=600081-600081msec
