libaio_1024_randwrite_8k_ec: (g=0): rw=randread, bs=(R) 8192B-8192B, (W) 8192B-8192B, (T) 8192B-8192B, ioengine=libaio, iodepth=1024
fio-3.1
Starting 1 process

libaio_1024_randwrite_8k_ec: (groupid=0, jobs=1): err= 0: pid=1130743: Thu Jun  4 07:46:07 2020
   read: IOPS=4675, BW=36.5MiB/s (38.3MB/s)(21.4GiB/600101msec)
    slat (nsec): min=1690, max=274608k, avg=211806.36, stdev=1550123.29
    clat (msec): min=41, max=1154, avg=218.77, stdev=154.05
     lat (msec): min=41, max=1154, avg=218.98, stdev=154.20
    clat percentiles (msec):
     |  1.00th=[   46],  5.00th=[   50], 10.00th=[   61], 20.00th=[   91],
     | 30.00th=[  103], 40.00th=[  129], 50.00th=[  205], 60.00th=[  224],
     | 70.00th=[  239], 80.00th=[  271], 90.00th=[  502], 95.00th=[  523],
     | 99.00th=[  558], 99.50th=[  575], 99.90th=[  676], 99.95th=[  793],
     | 99.99th=[ 1045]
   bw (  KiB/s): min= 7153, max=117760, per=99.97%, avg=37396.15, stdev=27320.68, samples=1200
   iops        : min=  894, max=14720, avg=4674.49, stdev=3415.09, samples=1200
  lat (msec)   : 50=5.39%, 100=22.90%, 250=48.08%, 500=13.01%, 750=10.53%
  lat (msec)   : 1000=0.06%, 2000=0.01%
  cpu          : usr=0.88%, sys=2.24%, ctx=98144, majf=0, minf=2064
  IO depths    : 1=0.1%, 2=0.1%, 4=0.1%, 8=0.1%, 16=0.1%, 32=0.1%, >=64=100.0%
     submit    : 0=0.0%, 4=100.0%, 8=0.0%, 16=0.0%, 32=0.0%, 64=0.0%, >=64=0.0%
     complete  : 0=0.0%, 4=100.0%, 8=0.0%, 16=0.0%, 32=0.0%, 64=0.0%, >=64=0.1%
     issued rwt: total=2805987,0,0, short=0,0,0, dropped=0,0,0
     latency   : target=0, window=0, percentile=100.00%, depth=1024

Run status group 0 (all jobs):
   READ: bw=36.5MiB/s (38.3MB/s), 36.5MiB/s-36.5MiB/s (38.3MB/s-38.3MB/s), io=21.4GiB (22.0GB), run=600101-600101msec
