libaio_1024_randwrite_8k_ec: (g=0): rw=randwrite, bs=(R) 8192B-8192B, (W) 8192B-8192B, (T) 8192B-8192B, ioengine=libaio, iodepth=1024
fio-3.1
Starting 1 process

libaio_1024_randwrite_8k_ec: (groupid=0, jobs=1): err= 0: pid=1110515: Thu Jun  4 07:26:04 2020
  write: IOPS=1997, BW=15.6MiB/s (16.4MB/s)(9372MiB/600410msec)
    slat (usec): min=2, max=1009.5k, avg=497.94, stdev=4971.83
    clat (msec): min=236, max=3151, avg=511.89, stdev=275.50
     lat (msec): min=236, max=3151, avg=512.39, stdev=275.71
    clat percentiles (msec):
     |  1.00th=[  279],  5.00th=[  309], 10.00th=[  338], 20.00th=[  359],
     | 30.00th=[  376], 40.00th=[  388], 50.00th=[  405], 60.00th=[  422],
     | 70.00th=[  468], 80.00th=[  651], 90.00th=[  852], 95.00th=[ 1062],
     | 99.00th=[ 1670], 99.50th=[ 1921], 99.90th=[ 2433], 99.95th=[ 2836],
     | 99.99th=[ 3037]
   bw (  KiB/s): min= 1024, max=31744, per=100.00%, avg=15993.22, stdev=6745.13, samples=1199
   iops        : min=  128, max= 3968, avg=1999.13, stdev=843.14, samples=1199
  lat (msec)   : 250=0.06%, 500=72.37%, 750=13.55%, 1000=8.15%, 2000=5.48%
  lat (msec)   : >=2000=0.39%
  cpu          : usr=0.51%, sys=1.01%, ctx=38642, majf=0, minf=6369
  IO depths    : 1=0.1%, 2=0.1%, 4=0.1%, 8=0.1%, 16=0.1%, 32=0.1%, >=64=100.0%
     submit    : 0=0.0%, 4=100.0%, 8=0.0%, 16=0.0%, 32=0.0%, 64=0.0%, >=64=0.0%
     complete  : 0=0.0%, 4=100.0%, 8=0.0%, 16=0.0%, 32=0.0%, 64=0.0%, >=64=0.1%
     issued rwt: total=0,1199618,0, short=0,0,0, dropped=0,0,0
     latency   : target=0, window=0, percentile=100.00%, depth=1024

Run status group 0 (all jobs):
  WRITE: bw=15.6MiB/s (16.4MB/s), 15.6MiB/s-15.6MiB/s (16.4MB/s-16.4MB/s), io=9372MiB (9827MB), run=600410-600410msec
