libaio_1024_randwrite_4k_ec: (g=0): rw=randwrite, bs=(R) 4096B-4096B, (W) 4096B-4096B, (T) 4096B-4096B, ioengine=libaio, iodepth=1024
fio-3.1
Starting 1 process

libaio_1024_randwrite_4k_ec: (groupid=0, jobs=1): err= 0: pid=1072384: Thu Jun  4 06:45:58 2020
  write: IOPS=1708, BW=6835KiB/s (6999kB/s)(4005MiB/600085msec)
    slat (usec): min=3, max=929056, avg=582.72, stdev=5193.94
    clat (msec): min=70, max=3195, avg=598.59, stdev=287.53
     lat (msec): min=85, max=3195, avg=599.17, stdev=287.76
    clat percentiles (msec):
     |  1.00th=[  255],  5.00th=[  284], 10.00th=[  309], 20.00th=[  477],
     | 30.00th=[  498], 40.00th=[  514], 50.00th=[  527], 60.00th=[  542],
     | 70.00th=[  558], 80.00th=[  693], 90.00th=[  969], 95.00th=[ 1183],
     | 99.00th=[ 1670], 99.50th=[ 1989], 99.90th=[ 2735], 99.95th=[ 2836],
     | 99.99th=[ 3138]
   bw (  KiB/s): min=  255, max=16896, per=100.00%, avg=6834.18, stdev=2858.40, samples=1199
   iops        : min=   63, max= 4224, avg=1708.54, stdev=714.60, samples=1199
  lat (msec)   : 100=0.01%, 250=0.63%, 500=30.40%, 750=50.72%, 1000=9.15%
  lat (msec)   : 2000=8.62%, >=2000=0.47%
  cpu          : usr=0.45%, sys=1.17%, ctx=33258, majf=0, minf=21252
  IO depths    : 1=0.1%, 2=0.1%, 4=0.1%, 8=0.1%, 16=0.1%, 32=0.1%, >=64=100.0%
     submit    : 0=0.0%, 4=100.0%, 8=0.0%, 16=0.0%, 32=0.0%, 64=0.0%, >=64=0.0%
     complete  : 0=0.0%, 4=100.0%, 8=0.0%, 16=0.0%, 32=0.0%, 64=0.0%, >=64=0.1%
     issued rwt: total=0,1025376,0, short=0,0,0, dropped=0,0,0
     latency   : target=0, window=0, percentile=100.00%, depth=1024

Run status group 0 (all jobs):
  WRITE: bw=6835KiB/s (6999kB/s), 6835KiB/s-6835KiB/s (6999kB/s-6999kB/s), io=4005MiB (4200MB), run=600085-600085msec
