libaio_1024_randwrite_4k_ec: (g=0): rw=randwrite, bs=(R) 4096B-4096B, (W) 4096B-4096B, (T) 4096B-4096B, ioengine=libaio, iodepth=1024
fio-3.1
Starting 1 process

libaio_1024_randwrite_4k_ec: (groupid=0, jobs=1): err= 0: pid=1707644: Wed Jun  3 08:55:07 2020
  write: IOPS=2106, BW=8425KiB/s (8627kB/s)(4937MiB/600095msec)
    slat (nsec): min=1995, max=875844k, avg=472420.07, stdev=6176969.80
    clat (msec): min=72, max=3077, avg=485.59, stdev=310.46
     lat (msec): min=112, max=3077, avg=486.07, stdev=310.68
    clat percentiles (msec):
     |  1.00th=[  247],  5.00th=[  271], 10.00th=[  284], 20.00th=[  300],
     | 30.00th=[  313], 40.00th=[  321], 50.00th=[  338], 60.00th=[  368],
     | 70.00th=[  498], 80.00th=[  676], 90.00th=[  869], 95.00th=[ 1083],
     | 99.00th=[ 1670], 99.50th=[ 2039], 99.90th=[ 2567], 99.95th=[ 2769],
     | 99.99th=[ 2970]
   bw (  KiB/s): min=  256, max=16384, per=100.00%, avg=8446.86, stdev=4283.88, samples=1196
   iops        : min=   64, max= 4096, avg=2111.69, stdev=1070.97, samples=1196
  lat (msec)   : 100=0.01%, 250=1.29%, 500=68.90%, 750=13.16%, 1000=9.99%
  lat (msec)   : 2000=6.10%, >=2000=0.56%
  cpu          : usr=0.49%, sys=1.12%, ctx=40979, majf=0, minf=31695
  IO depths    : 1=0.1%, 2=0.1%, 4=0.1%, 8=0.1%, 16=0.1%, 32=0.1%, >=64=100.0%
     submit    : 0=0.0%, 4=100.0%, 8=0.0%, 16=0.0%, 32=0.0%, 64=0.0%, >=64=0.0%
     complete  : 0=0.0%, 4=100.0%, 8=0.0%, 16=0.0%, 32=0.0%, 64=0.0%, >=64=0.1%
     issued rwt: total=0,1263968,0, short=0,0,0, dropped=0,0,0
     latency   : target=0, window=0, percentile=100.00%, depth=1024

Run status group 0 (all jobs):
  WRITE: bw=8425KiB/s (8627kB/s), 8425KiB/s-8425KiB/s (8627kB/s-8627kB/s), io=4937MiB (5177MB), run=600095-600095msec
