libaio_1024_randwrite_1m_ec: (g=0): rw=randwrite, bs=(R) 1024KiB-1024KiB, (W) 1024KiB-1024KiB, (T) 1024KiB-1024KiB, ioengine=libaio, iodepth=1024
fio-3.1
Starting 1 process

libaio_1024_randwrite_1m_ec: (groupid=0, jobs=1): err= 0: pid=1671511: Wed Jun  3 08:25:03 2020
  write: IOPS=255, BW=256MiB/s (268MB/s)(150GiB/600217msec)
    slat (usec): min=32, max=1393.5k, avg=3903.06, stdev=21339.77
    clat (msec): min=180, max=9988, avg=3986.04, stdev=1181.03
     lat (msec): min=225, max=9988, avg=3989.94, stdev=1181.80
    clat percentiles (msec):
     |  1.00th=[ 2937],  5.00th=[ 3004], 10.00th=[ 3037], 20.00th=[ 3171],
     | 30.00th=[ 3339], 40.00th=[ 3440], 50.00th=[ 3540], 60.00th=[ 3675],
     | 70.00th=[ 3943], 80.00th=[ 4732], 90.00th=[ 5805], 95.00th=[ 6409],
     | 99.00th=[ 8221], 99.50th=[ 8792], 99.90th=[ 9463], 99.95th=[ 9597],
     | 99.99th=[ 9866]
   bw (  KiB/s): min=28614, max=393216, per=100.00%, avg=264481.39, stdev=104061.37, samples=1181
   iops        : min=   27, max=  384, avg=258.25, stdev=101.64, samples=1181
  lat (msec)   : 250=0.01%, 500=0.05%, 750=0.05%, 1000=0.05%, 2000=0.11%
  lat (msec)   : >=2000=99.72%
  cpu          : usr=2.04%, sys=1.36%, ctx=12960, majf=0, minf=262321
  IO depths    : 1=0.1%, 2=0.1%, 4=0.1%, 8=0.1%, 16=0.1%, 32=0.1%, >=64=100.0%
     submit    : 0=0.0%, 4=100.0%, 8=0.0%, 16=0.0%, 32=0.0%, 64=0.0%, >=64=0.0%
     complete  : 0=0.0%, 4=100.0%, 8=0.0%, 16=0.0%, 32=0.0%, 64=0.0%, >=64=0.1%
     issued rwt: total=0,153558,0, short=0,0,0, dropped=0,0,0
     latency   : target=0, window=0, percentile=100.00%, depth=1024

Run status group 0 (all jobs):
  WRITE: bw=256MiB/s (268MB/s), 256MiB/s-256MiB/s (268MB/s-268MB/s), io=150GiB (161GB), run=600217-600217msec
