randread-1m: (g=0): rw=randread, bs=(R) 1024KiB-1024KiB, (W) 1024KiB-1024KiB, (T) 1024KiB-1024KiB, ioengine=rbd, iodepth=16
fio-3.1
Starting 1 process
3;fio-3.1;randread-1m;0;0;387660800;646058;630;600040;0;336;4.597259;3.138850;4557;1164280;25353.275558;24570.385621;1.000000%=6586;5.000000%=8585;10.000000%=10813;20.000000%=13959;30.000000%=15794;40.000000%=17432;50.000000%=19529;60.000000%=22151;70.000000%=25559;80.000000%=31588;90.000000%=43253;95.000000%=58458;99.000000%=110624;99.500000%=143654;99.900000%=265289;99.950000%=346030;99.990000%=734003;0%=0;0%=0;0%=0;4562;1164284;25357.872817;24570.403493;10240;1087488;100.000000%;647787.504174;115204.759279;0;0;0;0;0;0;0.000000;0.000000;0;0;0.000000;0.000000;1.000000%=0;5.000000%=0;10.000000%=0;20.000000%=0;30.000000%=0;40.000000%=0;50.000000%=0;60.000000%=0;70.000000%=0;80.000000%=0;90.000000%=0;95.000000%=0;99.000000%=0;99.500000%=0;99.900000%=0;99.950000%=0;99.990000%=0;0%=0;0%=0;0%=0;0;0;0.000000;0.000000;0;0;0.000000%;0.000000;0.000000;32.561883%;67.183300%;366943;0;2181;0.1%;0.1%;0.1%;0.1%;100.0%;0.0%;0.0%;0.00%;0.00%;0.00%;0.00%;0.00%;0.00%;0.00%;0.00%;0.00%;0.00%;0.00%;0.00%;8.13%;44.15%;40.41%;6.01%;1.18%;0.09%;0.01%;0.01%;0.01%;0.00%;sda;0;24173;0;11689;0;238452;238452;1.07%

randread-1m: (groupid=0, jobs=1): err= 0: pid=4104927: Thu May 21 16:58:39 2020
   read: IOPS=630, BW=631MiB/s (662MB/s)(370GiB/600040msec)
    slat (nsec): min=974, max=336204, avg=4597.26, stdev=3138.85
    clat (msec): min=4, max=1164, avg=25.35, stdev=24.57
     lat (msec): min=4, max=1164, avg=25.36, stdev=24.57
    clat percentiles (msec):
     |  1.00th=[    7],  5.00th=[    9], 10.00th=[   11], 20.00th=[   14],
     | 30.00th=[   16], 40.00th=[   18], 50.00th=[   20], 60.00th=[   23],
     | 70.00th=[   26], 80.00th=[   32], 90.00th=[   44], 95.00th=[   59],
     | 99.00th=[  111], 99.50th=[  144], 99.90th=[  266], 99.95th=[  347],
     | 99.99th=[  735]
   bw (  KiB/s): min=10240, max=1087488, per=100.00%, avg=647787.50, stdev=115204.76, samples=1198
   iops        : min=   10, max= 1062, avg=632.55, stdev=112.49, samples=1198
  lat (msec)   : 10=8.13%, 20=44.15%, 50=40.41%, 100=6.01%, 250=1.18%
  lat (msec)   : 500=0.09%, 750=0.01%, 1000=0.01%, 2000=0.01%
  cpu          : usr=32.56%, sys=67.18%, ctx=366943, majf=0, minf=2181
  IO depths    : 1=0.1%, 2=0.1%, 4=0.1%, 8=0.1%, 16=100.0%, 32=0.0%, >=64=0.0%
     submit    : 0=0.0%, 4=100.0%, 8=0.0%, 16=0.0%, 32=0.0%, 64=0.0%, >=64=0.0%
     complete  : 0=0.0%, 4=100.0%, 8=0.0%, 16=0.1%, 32=0.0%, 64=0.0%, >=64=0.0%
     issued rwt: total=378575,0,0, short=0,0,0, dropped=0,0,0
     latency   : target=0, window=0, percentile=100.00%, depth=16

Run status group 0 (all jobs):
   READ: bw=631MiB/s (662MB/s), 631MiB/s-631MiB/s (662MB/s-662MB/s), io=370GiB (397GB), run=600040-600040msec

Disk stats (read/write):
  sda: ios=0/24173, merge=0/11689, ticks=0/238452, in_queue=238452, util=1.07%
