lv0: (g=0): rw=randread, bs=(R) 256KiB-256KiB, (W) 256KiB-256KiB, (T) 256KiB-256KiB, ioengine=libaio, iodepth=16
fio-3.1
Starting 1 process
3;fio-3.1;lv0;0;0;316405504;527313;2059;600033;6;2160;24.667656;17.298147;796;1313830;7739.426704;12555.974857;1.000000%=1400;5.000000%=1744;10.000000%=1990;20.000000%=2375;30.000000%=2736;40.000000%=3063;50.000000%=3457;60.000000%=4046;70.000000%=5210;80.000000%=9764;90.000000%=18219;95.000000%=31850;99.000000%=56885;99.500000%=67633;99.900000%=93847;99.950000%=109576;99.990000%=254803;0%=0;0%=0;0%=0;814;1313849;7764.419339;12556.314146;18432;739840;99.994692%;527285.010833;89134.238962;0;0;0;0;0;0;0.000000;0.000000;0;0;0.000000;0.000000;1.000000%=0;5.000000%=0;10.000000%=0;20.000000%=0;30.000000%=0;40.000000%=0;50.000000%=0;60.000000%=0;70.000000%=0;80.000000%=0;90.000000%=0;95.000000%=0;99.000000%=0;99.500000%=0;99.900000%=0;99.950000%=0;99.990000%=0;0%=0;0%=0;0%=0;0;0;0.000000;0.000000;0;0;0.000000%;0.000000;0.000000;1.462422%;6.731808%;1233750;0;2234;0.1%;0.1%;0.1%;0.1%;100.0%;0.0%;0.0%;0.00%;0.00%;0.00%;0.00%;0.00%;0.00%;0.00%;0.00%;0.00%;0.02%;10.13%;49.32%;20.97%;10.67%;7.25%;1.56%;0.06%;0.01%;0.01%;0.01%;0.01%;0.00%

lv0: (groupid=0, jobs=1): err= 0: pid=4142387: Thu May 21 17:48:43 2020
   read: IOPS=2059, BW=515MiB/s (540MB/s)(302GiB/600033msec)
    slat (usec): min=6, max=2160, avg=24.67, stdev=17.30
    clat (usec): min=796, max=1313.8k, avg=7739.43, stdev=12555.97
     lat (usec): min=814, max=1313.8k, avg=7764.42, stdev=12556.31
    clat percentiles (usec):
     |  1.00th=[  1401],  5.00th=[  1745], 10.00th=[  1991], 20.00th=[  2376],
     | 30.00th=[  2737], 40.00th=[  3064], 50.00th=[  3458], 60.00th=[  4047],
     | 70.00th=[  5211], 80.00th=[  9765], 90.00th=[ 18220], 95.00th=[ 31851],
     | 99.00th=[ 56886], 99.50th=[ 67634], 99.90th=[ 93848], 99.95th=[109577],
     | 99.99th=[254804]
   bw (  KiB/s): min=18432, max=739840, per=99.99%, avg=527285.01, stdev=89134.24, samples=1200
   iops        : min=   72, max= 2890, avg=2059.68, stdev=348.18, samples=1200
  lat (usec)   : 1000=0.02%
  lat (msec)   : 2=10.13%, 4=49.32%, 10=20.97%, 20=10.67%, 50=7.25%
  lat (msec)   : 100=1.56%, 250=0.06%, 500=0.01%, 750=0.01%, 1000=0.01%
  lat (msec)   : 2000=0.01%
  cpu          : usr=1.46%, sys=6.73%, ctx=1233750, majf=0, minf=2234
  IO depths    : 1=0.1%, 2=0.1%, 4=0.1%, 8=0.1%, 16=100.0%, 32=0.0%, >=64=0.0%
     submit    : 0=0.0%, 4=100.0%, 8=0.0%, 16=0.0%, 32=0.0%, 64=0.0%, >=64=0.0%
     complete  : 0=0.0%, 4=100.0%, 8=0.0%, 16=0.1%, 32=0.0%, 64=0.0%, >=64=0.0%
     issued rwt: total=1235959,0,0, short=0,0,0, dropped=0,0,0
     latency   : target=0, window=0, percentile=100.00%, depth=16

Run status group 0 (all jobs):
   READ: bw=515MiB/s (540MB/s), 515MiB/s-515MiB/s (540MB/s-540MB/s), io=302GiB (324GB), run=600033-600033msec
