lv0: (g=0): rw=randread, bs=(R) 4096KiB-4096KiB, (W) 4096KiB-4096KiB, (T) 4096KiB-4096KiB, ioengine=libaio, iodepth=16
fio-3.1
Starting 1 process
3;fio-3.1;lv0;0;0;238669824;397689;97;600141;100;2709;239.746286;80.283260;24434;2101301;164538.373235;85756.190856;1.000000%=78118;5.000000%=89653;10.000000%=99090;20.000000%=111673;30.000000%=121110;40.000000%=131596;50.000000%=141557;60.000000%=156237;70.000000%=173015;80.000000%=200278;90.000000%=250609;95.000000%=312475;99.000000%=484442;99.500000%=541065;99.900000%=893386;99.950000%=1434451;99.990000%=1719664;0%=0;0%=0;0%=0;26907;2101543;164778.939031;85756.814109;16384;688128;100.000000%;398973.839465;85139.602763;0;0;0;0;0;0;0.000000;0.000000;0;0;0.000000;0.000000;1.000000%=0;5.000000%=0;10.000000%=0;20.000000%=0;30.000000%=0;40.000000%=0;50.000000%=0;60.000000%=0;70.000000%=0;80.000000%=0;90.000000%=0;95.000000%=0;99.000000%=0;99.500000%=0;99.900000%=0;99.950000%=0;99.990000%=0;0%=0;0%=0;0%=0;0;0;0.000000;0.000000;0;0;0.000000%;0.000000;0.000000;0.112474%;2.464592%;58503;0;16397;0.1%;0.1%;0.1%;0.1%;100.0%;0.0%;0.0%;0.00%;0.00%;0.00%;0.00%;0.00%;0.00%;0.00%;0.00%;0.00%;0.00%;0.00%;0.00%;0.00%;0.00%;0.01%;10.89%;79.13%;9.14%;0.70%;0.05%;0.08%;0.01%

lv0: (groupid=0, jobs=1): err= 0: pid=4156606: Thu May 21 18:08:44 2020
   read: IOPS=97, BW=388MiB/s (407MB/s)(228GiB/600141msec)
    slat (usec): min=100, max=2709, avg=239.75, stdev=80.28
    clat (msec): min=24, max=2101, avg=164.54, stdev=85.76
     lat (msec): min=26, max=2101, avg=164.78, stdev=85.76
    clat percentiles (msec):
     |  1.00th=[   79],  5.00th=[   90], 10.00th=[  100], 20.00th=[  112],
     | 30.00th=[  122], 40.00th=[  132], 50.00th=[  142], 60.00th=[  157],
     | 70.00th=[  174], 80.00th=[  201], 90.00th=[  251], 95.00th=[  313],
     | 99.00th=[  485], 99.50th=[  542], 99.90th=[  894], 99.95th=[ 1435],
     | 99.99th=[ 1720]
   bw (  KiB/s): min=16384, max=688128, per=100.00%, avg=398973.84, stdev=85139.60, samples=1196
   iops        : min=    4, max=  168, avg=97.37, stdev=20.80, samples=1196
  lat (msec)   : 50=0.01%, 100=10.89%, 250=79.13%, 500=9.14%, 750=0.70%
  lat (msec)   : 1000=0.05%, 2000=0.08%, >=2000=0.01%
  cpu          : usr=0.11%, sys=2.46%, ctx=58503, majf=0, minf=16397
  IO depths    : 1=0.1%, 2=0.1%, 4=0.1%, 8=0.1%, 16=100.0%, 32=0.0%, >=64=0.0%
     submit    : 0=0.0%, 4=100.0%, 8=0.0%, 16=0.0%, 32=0.0%, 64=0.0%, >=64=0.0%
     complete  : 0=0.0%, 4=100.0%, 8=0.0%, 16=0.1%, 32=0.0%, 64=0.0%, >=64=0.0%
     issued rwt: total=58269,0,0, short=0,0,0, dropped=0,0,0
     latency   : target=0, window=0, percentile=100.00%, depth=16

Run status group 0 (all jobs):
   READ: bw=388MiB/s (407MB/s), 388MiB/s-388MiB/s (407MB/s-407MB/s), io=228GiB (244GB), run=600141-600141msec
