randwrite-4k: (g=0): rw=randwrite, bs=(R) 4096B-4096B, (W) 4096B-4096B, (T) 4096B-4096B, ioengine=rbd, iodepth=16
fio-3.1
Starting 1 process
3;fio-3.1;randwrite-4k;0;0;0;0;0;0;0;0;0.000000;0.000000;0;0;0.000000;0.000000;1.000000%=0;5.000000%=0;10.000000%=0;20.000000%=0;30.000000%=0;40.000000%=0;50.000000%=0;60.000000%=0;70.000000%=0;80.000000%=0;90.000000%=0;95.000000%=0;99.000000%=0;99.500000%=0;99.900000%=0;99.950000%=0;99.990000%=0;0%=0;0%=0;0%=0;0;0;0.000000;0.000000;0;0;0.000000%;0.000000;0.000000;1208940;2014;503;600071;1;279;6.743960;4.489845;2500;2059764;31756.889638;35483.058912;1.000000%=5079;5.000000%=9633;10.000000%=12386;20.000000%=16056;30.000000%=19005;40.000000%=21889;50.000000%=25034;60.000000%=28704;70.000000%=33161;80.000000%=39059;90.000000%=50069;95.000000%=66322;99.000000%=164626;99.500000%=244318;99.900000%=501219;99.950000%=549453;99.990000%=708837;0%=0;0%=0;0%=0;2504;2059769;31763.633598;35483.193412;56;3040;100.000000%;2016.565833;636.258131;32.897495%;66.895196%;265660;0;192050;0.1%;0.1%;0.1%;0.1%;100.0%;0.0%;0.0%;0.00%;0.00%;0.00%;0.00%;0.00%;0.00%;0.00%;0.00%;0.00%;0.00%;0.00%;0.58%;4.89%;27.81%;56.55%;7.87%;1.81%;0.38%;0.10%;0.01%;0.01%;0.01%;sda;0;20671;0;11227;0;168024;168028;0.99%

randwrite-4k: (groupid=0, jobs=1): err= 0: pid=4015463: Thu May 21 15:18:31 2020
  write: IOPS=503, BW=2015KiB/s (2063kB/s)(1181MiB/600071msec)
    slat (nsec): min=1301, max=279602, avg=6743.96, stdev=4489.85
    clat (msec): min=2, max=2059, avg=31.76, stdev=35.48
     lat (msec): min=2, max=2059, avg=31.76, stdev=35.48
    clat percentiles (msec):
     |  1.00th=[    6],  5.00th=[   10], 10.00th=[   13], 20.00th=[   17],
     | 30.00th=[   20], 40.00th=[   22], 50.00th=[   26], 60.00th=[   29],
     | 70.00th=[   34], 80.00th=[   40], 90.00th=[   51], 95.00th=[   67],
     | 99.00th=[  165], 99.50th=[  245], 99.90th=[  502], 99.95th=[  550],
     | 99.99th=[  709]
   bw (  KiB/s): min=   56, max= 3040, per=100.00%, avg=2016.57, stdev=636.26, samples=1200
   iops        : min=   14, max=  760, avg=504.11, stdev=159.06, samples=1200
  lat (msec)   : 4=0.58%, 10=4.89%, 20=27.81%, 50=56.55%, 100=7.87%
  lat (msec)   : 250=1.81%, 500=0.38%, 750=0.10%, 1000=0.01%, 2000=0.01%
  lat (msec)   : >=2000=0.01%
  cpu          : usr=32.90%, sys=66.90%, ctx=265660, majf=0, minf=192050
  IO depths    : 1=0.1%, 2=0.1%, 4=0.1%, 8=0.1%, 16=100.0%, 32=0.0%, >=64=0.0%
     submit    : 0=0.0%, 4=100.0%, 8=0.0%, 16=0.0%, 32=0.0%, 64=0.0%, >=64=0.0%
     complete  : 0=0.0%, 4=100.0%, 8=0.0%, 16=0.1%, 32=0.0%, 64=0.0%, >=64=0.0%
     issued rwt: total=0,302235,0, short=0,0,0, dropped=0,0,0
     latency   : target=0, window=0, percentile=100.00%, depth=16

Run status group 0 (all jobs):
  WRITE: bw=2015KiB/s (2063kB/s), 2015KiB/s-2015KiB/s (2063kB/s-2063kB/s), io=1181MiB (1238MB), run=600071-600071msec

Disk stats (read/write):
  sda: ios=0/20671, merge=0/11227, ticks=0/168024, in_queue=168028, util=0.99%
