lv0: (g=0): rw=randwrite, bs=(R) 8192B-8192B, (W) 8192B-8192B, (T) 8192B-8192B, ioengine=libaio, iodepth=16
fio-3.1
Starting 1 process
3;fio-3.1;lv0;0;0;0;0;0;0;0;0;0.000000;0.000000;0;0;0.000000;0.000000;1.000000%=0;5.000000%=0;10.000000%=0;20.000000%=0;30.000000%=0;40.000000%=0;50.000000%=0;60.000000%=0;70.000000%=0;80.000000%=0;90.000000%=0;95.000000%=0;99.000000%=0;99.500000%=0;99.900000%=0;99.950000%=0;99.990000%=0;0%=0;0%=0;0%=0;0;0;0.000000;0.000000;0;0;0.000000%;0.000000;0.000000;25202400;42003;5250;600004;2;628;9.454115;6.632339;1052;788900;3035.108799;11715.619889;1.000000%=1417;5.000000%=1531;10.000000%=1613;20.000000%=1728;30.000000%=1826;40.000000%=1925;50.000000%=2039;60.000000%=2146;70.000000%=2310;80.000000%=2506;90.000000%=2932;95.000000%=4685;99.000000%=15925;99.500000%=27656;99.900000%=175112;99.950000%=254803;99.990000%=513802;0%=0;0%=0;0%=0;1133;788912;3044.837571;11715.763830;96;65648;99.994106%;42000.524167;16882.278326;2.521154%;6.886799%;2812740;0;4660;0.1%;0.1%;0.1%;0.1%;100.0%;0.0%;0.0%;0.00%;0.00%;0.00%;0.00%;0.00%;0.00%;0.00%;0.00%;0.00%;0.00%;46.75%;47.58%;3.19%;1.81%;0.33%;0.14%;0.14%;0.04%;0.01%;0.01%;0.00%;0.00%

lv0: (groupid=0, jobs=1): err= 0: pid=3972957: Thu May 21 14:26:39 2020
  write: IOPS=5250, BW=41.0MiB/s (43.0MB/s)(24.0GiB/600004msec)
    slat (usec): min=2, max=628, avg= 9.45, stdev= 6.63
    clat (usec): min=1052, max=788900, avg=3035.11, stdev=11715.62
     lat (usec): min=1133, max=788912, avg=3044.84, stdev=11715.76
    clat percentiles (usec):
     |  1.00th=[  1418],  5.00th=[  1532], 10.00th=[  1614], 20.00th=[  1729],
     | 30.00th=[  1827], 40.00th=[  1926], 50.00th=[  2040], 60.00th=[  2147],
     | 70.00th=[  2311], 80.00th=[  2507], 90.00th=[  2933], 95.00th=[  4686],
     | 99.00th=[ 15926], 99.50th=[ 27657], 99.90th=[175113], 99.95th=[254804],
     | 99.99th=[513803]
   bw (  KiB/s): min=   96, max=65648, per=99.99%, avg=42000.52, stdev=16882.28, samples=1200
   iops        : min=   12, max= 8206, avg=5250.05, stdev=2110.29, samples=1200
  lat (msec)   : 2=46.75%, 4=47.58%, 10=3.19%, 20=1.81%, 50=0.33%
  lat (msec)   : 100=0.14%, 250=0.14%, 500=0.04%, 750=0.01%, 1000=0.01%
  cpu          : usr=2.52%, sys=6.89%, ctx=2812740, majf=0, minf=4660
  IO depths    : 1=0.1%, 2=0.1%, 4=0.1%, 8=0.1%, 16=100.0%, 32=0.0%, >=64=0.0%
     submit    : 0=0.0%, 4=100.0%, 8=0.0%, 16=0.0%, 32=0.0%, 64=0.0%, >=64=0.0%
     complete  : 0=0.0%, 4=100.0%, 8=0.0%, 16=0.1%, 32=0.0%, 64=0.0%, >=64=0.0%
     issued rwt: total=0,3150300,0, short=0,0,0, dropped=0,0,0
     latency   : target=0, window=0, percentile=100.00%, depth=16

Run status group 0 (all jobs):
  WRITE: bw=41.0MiB/s (43.0MB/s), 41.0MiB/s-41.0MiB/s (43.0MB/s-43.0MB/s), io=24.0GiB (25.8GB), run=600004-600004msec
