rbd_1024_randwrite_8k: (g=0): rw=randread, bs=(R) 8192B-8192B, (W) 8192B-8192B, (T) 8192B-8192B, ioengine=rbd, iodepth=1024
fio-3.1
Starting 1 process

rbd_1024_randwrite_8k: (groupid=0, jobs=1): err= 0: pid=148099: Fri May 29 20:08:42 2020
   read: IOPS=8527, BW=66.6MiB/s (69.9MB/s)(39.2GiB/602964msec)
    slat (nsec): min=492, max=15057k, avg=2410.73, stdev=9760.34
    clat (usec): min=564, max=38258k, avg=120078.35, stdev=1695453.43
     lat (usec): min=567, max=38258k, avg=120080.76, stdev=1695453.47
    clat percentiles (usec):
     |  1.00th=[     889],  5.00th=[    1004], 10.00th=[    1090],
     | 20.00th=[    1270], 30.00th=[   10159], 40.00th=[   34866],
     | 50.00th=[   36963], 60.00th=[   38011], 70.00th=[   39060],
     | 80.00th=[   40633], 90.00th=[   43779], 95.00th=[   55313],
     | 99.00th=[  183501], 99.50th=[  455082], 99.90th=[17112761],
     | 99.95th=[17112761], 99.99th=[17112761]
   bw (  KiB/s): min=27584, max=228768, per=100.00%, avg=68589.12, stdev=66490.17, samples=1200
   iops        : min= 3448, max=28596, avg=8573.58, stdev=8311.29, samples=1200
  lat (usec)   : 750=0.02%, 1000=4.80%
  lat (msec)   : 2=19.03%, 4=1.45%, 10=4.57%, 20=4.20%, 50=59.85%
  lat (msec)   : 100=3.87%, 250=1.47%, 500=0.24%, 750=0.06%, 1000=0.03%
  lat (msec)   : 2000=0.06%, >=2000=0.33%
  cpu          : usr=33.90%, sys=64.59%, ctx=2556476, majf=0, minf=656097
  IO depths    : 1=0.1%, 2=0.1%, 4=0.1%, 8=0.1%, 16=0.1%, 32=0.1%, >=64=100.0%
     submit    : 0=0.0%, 4=100.0%, 8=0.0%, 16=0.0%, 32=0.0%, 64=0.0%, >=64=0.0%
     complete  : 0=0.0%, 4=100.0%, 8=0.0%, 16=0.0%, 32=0.0%, 64=0.0%, >=64=0.1%
     issued rwt: total=5141729,0,0, short=0,0,0, dropped=0,0,0
     latency   : target=0, window=0, percentile=100.00%, depth=1024

Run status group 0 (all jobs):
   READ: bw=66.6MiB/s (69.9MB/s), 66.6MiB/s-66.6MiB/s (69.9MB/s-69.9MB/s), io=39.2GiB (42.1GB), run=602964-602964msec

Disk stats (read/write):
  sda: ios=104/21714, merge=0/12277, ticks=16/185912, in_queue=185928, util=0.90%
