rbd_1024_randwrite_1m: (g=0): rw=randread, bs=(R) 1024KiB-1024KiB, (W) 1024KiB-1024KiB, (T) 1024KiB-1024KiB, ioengine=rbd, iodepth=1024
fio-3.1
Starting 1 process

rbd_1024_randwrite_1m: (groupid=0, jobs=1): err= 0: pid=81037: Fri May 29 18:28:13 2020
   read: IOPS=784, BW=784MiB/s (822MB/s)(461GiB/601712msec)
    slat (nsec): min=630, max=581157, avg=2510.47, stdev=3075.60
    clat (msec): min=9, max=8381, avg=1305.85, stdev=428.93
     lat (msec): min=9, max=8381, avg=1305.85, stdev=428.93
    clat percentiles (msec):
     |  1.00th=[  793],  5.00th=[  877], 10.00th=[  927], 20.00th=[ 1011],
     | 30.00th=[ 1070], 40.00th=[ 1116], 50.00th=[ 1183], 60.00th=[ 1267],
     | 70.00th=[ 1435], 80.00th=[ 1603], 90.00th=[ 1737], 95.00th=[ 1921],
     | 99.00th=[ 3037], 99.50th=[ 3440], 99.90th=[ 4530], 99.95th=[ 5470],
     | 99.99th=[ 7282]
   bw (  KiB/s): min= 2048, max=1357824, per=100.00%, avg=803429.53, stdev=210371.93, samples=1201
   iops        : min=    2, max= 1326, avg=784.53, stdev=205.48, samples=1201
  lat (msec)   : 10=0.01%, 20=0.01%, 50=0.01%, 100=0.01%, 250=0.04%
  lat (msec)   : 500=0.05%, 750=0.23%, 1000=18.62%, 2000=76.85%, >=2000=4.19%
  cpu          : usr=32.75%, sys=67.00%, ctx=437666, majf=0, minf=12244
  IO depths    : 1=0.1%, 2=0.1%, 4=0.1%, 8=0.1%, 16=0.1%, 32=0.1%, >=64=100.0%
     submit    : 0=0.0%, 4=100.0%, 8=0.0%, 16=0.0%, 32=0.0%, 64=0.0%, >=64=0.0%
     complete  : 0=0.0%, 4=100.0%, 8=0.0%, 16=0.0%, 32=0.0%, 64=0.0%, >=64=0.1%
     issued rwt: total=471835,0,0, short=0,0,0, dropped=0,0,0
     latency   : target=0, window=0, percentile=100.00%, depth=1024

Run status group 0 (all jobs):
   READ: bw=784MiB/s (822MB/s), 784MiB/s-784MiB/s (822MB/s-822MB/s), io=461GiB (495GB), run=601712-601712msec

Disk stats (read/write):
  sda: ios=0/20865, merge=0/11205, ticks=0/133972, in_queue=133964, util=0.88%
