rbd_1024_randwrite_4k: (g=0): rw=randread, bs=(R) 4096B-4096B, (W) 4096B-4096B, (T) 4096B-4096B, ioengine=rbd, iodepth=1024
fio-3.1
Starting 1 process

rbd_1024_randwrite_4k: (groupid=0, jobs=1): err= 0: pid=4185460: Fri May 29 16:47:43 2020
   read: IOPS=8176, BW=31.9MiB/s (33.5MB/s)(18.8GiB/603091msec)
    slat (nsec): min=489, max=1623.5k, avg=2254.56, stdev=2171.45
    clat (usec): min=407, max=45131k, avg=125225.06, stdev=1855877.01
     lat (usec): min=410, max=45131k, avg=125227.31, stdev=1855877.05
    clat percentiles (usec):
     |  1.00th=[     914],  5.00th=[    1057], 10.00th=[    1172],
     | 20.00th=[    8848], 30.00th=[   30278], 40.00th=[   34341],
     | 50.00th=[   35914], 60.00th=[   36963], 70.00th=[   38011],
     | 80.00th=[   39584], 90.00th=[   43779], 95.00th=[   65799],
     | 99.00th=[  187696], 99.50th=[  362808], 99.90th=[17112761],
     | 99.95th=[17112761], 99.99th=[17112761]
   bw (  KiB/s): min=12648, max=119543, per=100.00%, avg=32889.65, stdev=36110.14, samples=1200
   iops        : min= 3162, max=29885, avg=8222.35, stdev=9027.55, samples=1200
  lat (usec)   : 500=0.01%, 750=0.02%, 1000=3.06%
  lat (msec)   : 2=12.57%, 4=1.12%, 10=3.98%, 20=5.19%, 50=66.70%
  lat (msec)   : 100=4.69%, 250=1.98%, 500=0.29%, 750=0.05%, 1000=0.02%
  lat (msec)   : 2000=0.05%, >=2000=0.28%
  cpu          : usr=34.01%, sys=64.99%, ctx=2064590, majf=0, minf=176243
  IO depths    : 1=0.1%, 2=0.1%, 4=0.1%, 8=0.1%, 16=0.1%, 32=0.1%, >=64=100.0%
     submit    : 0=0.0%, 4=100.0%, 8=0.0%, 16=0.0%, 32=0.0%, 64=0.0%, >=64=0.0%
     complete  : 0=0.0%, 4=100.0%, 8=0.0%, 16=0.0%, 32=0.0%, 64=0.0%, >=64=0.1%
     issued rwt: total=4931422,0,0, short=0,0,0, dropped=0,0,0
     latency   : target=0, window=0, percentile=100.00%, depth=1024

Run status group 0 (all jobs):
   READ: bw=31.9MiB/s (33.5MB/s), 31.9MiB/s-31.9MiB/s (33.5MB/s-33.5MB/s), io=18.8GiB (20.2GB), run=603091-603091msec

Disk stats (read/write):
  sda: ios=0/22334, merge=0/12229, ticks=0/216660, in_queue=216640, util=1.01%
