rbd_1024_randwrite_1m: (g=0): rw=randread, bs=(R) 1024KiB-1024KiB, (W) 1024KiB-1024KiB, (T) 1024KiB-1024KiB, ioengine=rbd, iodepth=1024
fio-3.1
Starting 1 process

rbd_1024_randwrite_1m: (groupid=0, jobs=1): err= 0: pid=4152260: Fri May 29 15:57:30 2020
   read: IOPS=645, BW=646MiB/s (677MB/s)(380GiB/602215msec)
    slat (nsec): min=647, max=240193, avg=2733.94, stdev=2721.59
    clat (msec): min=10, max=21564, avg=1586.03, stdev=703.27
     lat (msec): min=10, max=21564, avg=1586.03, stdev=703.27
    clat percentiles (msec):
     |  1.00th=[  776],  5.00th=[  844], 10.00th=[  894], 20.00th=[  969],
     | 30.00th=[ 1062], 40.00th=[ 1200], 50.00th=[ 1452], 60.00th=[ 1804],
     | 70.00th=[ 1989], 80.00th=[ 2165], 90.00th=[ 2333], 95.00th=[ 2534],
     | 99.00th=[ 3440], 99.50th=[ 3910], 99.90th=[ 7550], 99.95th=[ 9731],
     | 99.99th=[16040]
   bw (  KiB/s): min=14510, max=1374208, per=100.00%, avg=661518.34, stdev=262994.23, samples=1201
   iops        : min=   14, max= 1342, avg=645.95, stdev=256.85, samples=1201
  lat (msec)   : 20=0.01%, 50=0.01%, 100=0.01%, 250=0.04%, 500=0.07%
  lat (msec)   : 750=0.41%, 1000=22.90%, 2000=47.10%, >=2000=29.46%
  cpu          : usr=32.77%, sys=67.01%, ctx=360365, majf=0, minf=11359
  IO depths    : 1=0.1%, 2=0.1%, 4=0.1%, 8=0.1%, 16=0.1%, 32=0.1%, >=64=100.0%
     submit    : 0=0.0%, 4=100.0%, 8=0.0%, 16=0.0%, 32=0.0%, 64=0.0%, >=64=0.0%
     complete  : 0=0.0%, 4=100.0%, 8=0.0%, 16=0.0%, 32=0.0%, 64=0.0%, >=64=0.1%
     issued rwt: total=388808,0,0, short=0,0,0, dropped=0,0,0
     latency   : target=0, window=0, percentile=100.00%, depth=1024

Run status group 0 (all jobs):
   READ: bw=646MiB/s (677MB/s), 646MiB/s-646MiB/s (677MB/s-677MB/s), io=380GiB (408GB), run=602215-602215msec

Disk stats (read/write):
  sda: ios=0/18692, merge=0/10844, ticks=0/151304, in_queue=151284, util=0.84%
