rbd_1024_randwrite_4k: (g=0): rw=randwrite, bs=(R) 4096B-4096B, (W) 4096B-4096B, (T) 4096B-4096B, ioengine=rbd, iodepth=1024
fio-3.1
Starting 1 process

rbd_1024_randwrite_4k: (groupid=0, jobs=1): err= 0: pid=4173226: Fri May 29 16:27:35 2020
  write: IOPS=4610, BW=18.0MiB/s (18.9MB/s)(10.6GiB/600591msec)
    slat (nsec): min=1455, max=3578.1k, avg=5549.97, stdev=7498.00
    clat (msec): min=2, max=13939, avg=222.09, stdev=354.45
     lat (msec): min=2, max=13939, avg=222.09, stdev=354.45
    clat percentiles (msec):
     |  1.00th=[   14],  5.00th=[   27], 10.00th=[   37], 20.00th=[   54],
     | 30.00th=[   74], 40.00th=[   99], 50.00th=[  127], 60.00th=[  165],
     | 70.00th=[  218], 80.00th=[  309], 90.00th=[  493], 95.00th=[  693],
     | 99.00th=[ 1318], 99.50th=[ 2140], 99.90th=[ 4396], 99.95th=[ 6007],
     | 99.99th=[ 8792]
   bw (  KiB/s): min=    8, max=51440, per=100.00%, avg=18741.00, stdev=10874.00, samples=1183
   iops        : min=    2, max=12860, avg=4685.20, stdev=2718.50, samples=1183
  lat (msec)   : 4=0.03%, 10=0.43%, 20=2.13%, 50=15.26%, 100=22.80%
  lat (msec)   : 250=33.73%, 500=15.93%, 750=5.61%, 1000=2.21%, 2000=1.34%
  lat (msec)   : >=2000=0.55%
  cpu          : usr=34.52%, sys=64.56%, ctx=927712, majf=0, minf=248098
  IO depths    : 1=0.1%, 2=0.1%, 4=0.1%, 8=0.1%, 16=0.1%, 32=0.1%, >=64=100.0%
     submit    : 0=0.0%, 4=100.0%, 8=0.0%, 16=0.0%, 32=0.0%, 64=0.0%, >=64=0.0%
     complete  : 0=0.0%, 4=100.0%, 8=0.0%, 16=0.0%, 32=0.0%, 64=0.0%, >=64=0.1%
     issued rwt: total=0,2769087,0, short=0,0,0, dropped=0,0,0
     latency   : target=0, window=0, percentile=100.00%, depth=1024

Run status group 0 (all jobs):
  WRITE: bw=18.0MiB/s (18.9MB/s), 18.0MiB/s-18.0MiB/s (18.9MB/s-18.9MB/s), io=10.6GiB (11.3GB), run=600591-600591msec

Disk stats (read/write):
  sda: ios=0/21858, merge=0/11784, ticks=0/186464, in_queue=186448, util=0.88%
