rbd_1024_randwrite_4k: (g=0): rw=randwrite, bs=(R) 4096B-4096B, (W) 4096B-4096B, (T) 4096B-4096B, ioengine=rbd, iodepth=1024
fio-3.1
Starting 1 process

rbd_1024_randwrite_4k: (groupid=0, jobs=1): err= 0: pid=3847898: Fri May 29 10:01:18 2020
  write: IOPS=4569, BW=17.8MiB/s (18.7MB/s)(10.5GiB/601238msec)
    slat (nsec): min=1497, max=4794.3k, avg=6120.48, stdev=9095.62
    clat (msec): min=2, max=19171, avg=224.07, stdev=400.83
     lat (msec): min=2, max=19171, avg=224.08, stdev=400.83
    clat percentiles (msec):
     |  1.00th=[    9],  5.00th=[   19], 10.00th=[   28], 20.00th=[   45],
     | 30.00th=[   64], 40.00th=[   90], 50.00th=[  121], 60.00th=[  161],
     | 70.00th=[  215], 80.00th=[  309], 90.00th=[  498], 95.00th=[  709],
     | 99.00th=[ 1552], 99.50th=[ 2265], 99.90th=[ 5403], 99.95th=[ 6745],
     | 99.99th=[10268]
   bw (  KiB/s): min=    8, max=50949, per=100.00%, avg=18332.95, stdev=10276.69, samples=1200
   iops        : min=    2, max=12737, avg=4583.19, stdev=2569.16, samples=1200
  lat (msec)   : 4=0.10%, 10=1.30%, 20=4.26%, 50=17.49%, 100=20.53%
  lat (msec)   : 250=30.76%, 500=15.65%, 750=5.49%, 1000=1.99%, 2000=1.82%
  lat (msec)   : >=2000=0.61%
  cpu          : usr=34.65%, sys=64.35%, ctx=945713, majf=0, minf=524434
  IO depths    : 1=0.1%, 2=0.1%, 4=0.1%, 8=0.1%, 16=0.1%, 32=0.1%, >=64=100.0%
     submit    : 0=0.0%, 4=100.0%, 8=0.0%, 16=0.0%, 32=0.0%, 64=0.0%, >=64=0.0%
     complete  : 0=0.0%, 4=100.0%, 8=0.0%, 16=0.0%, 32=0.0%, 64=0.0%, >=64=0.1%
     issued rwt: total=0,2747502,0, short=0,0,0, dropped=0,0,0
     latency   : target=0, window=0, percentile=100.00%, depth=1024

Run status group 0 (all jobs):
  WRITE: bw=17.8MiB/s (18.7MB/s), 17.8MiB/s-17.8MiB/s (18.7MB/s-18.7MB/s), io=10.5GiB (11.3GB), run=601238-601238msec

Disk stats (read/write):
  sda: ios=104/18574, merge=0/11314, ticks=12/104004, in_queue=104012, util=0.81%
