lv0: (g=0): rw=read, bs=(R) 4096KiB-4096KiB, (W) 4096KiB-4096KiB, (T) 4096KiB-4096KiB, ioengine=libaio, iodepth=16
fio-3.1
Starting 1 process
3;fio-3.1;lv0;0;0;316915712;528090;128;600116;96;7059;231.614215;96.917203;23184;539308;123857.870780;23166.290095;1.000000%=86507;5.000000%=90701;10.000000%=93847;20.000000%=104333;30.000000%=110624;40.000000%=116916;50.000000%=123207;60.000000%=128450;70.000000%=135266;80.000000%=141557;90.000000%=152043;95.000000%=160432;99.000000%=177209;99.500000%=185597;99.900000%=278921;99.950000%=387973;99.990000%=476053;0%=0;0%=0;0%=0;26425;539551;124090.187295;23172.404759;204800;745472;99.990388%;528039.242500;71931.598433;0;0;0;0;0;0;0.000000;0.000000;0;0;0.000000;0.000000;1.000000%=0;5.000000%=0;10.000000%=0;20.000000%=0;30.000000%=0;40.000000%=0;50.000000%=0;60.000000%=0;70.000000%=0;80.000000%=0;90.000000%=0;95.000000%=0;99.000000%=0;99.500000%=0;99.900000%=0;99.950000%=0;99.990000%=0;0%=0;0%=0;0%=0;0;0;0.000000;0.000000;0;0;0.000000%;0.000000;0.000000;0.126309%;3.138232%;77684;0;32790;0.1%;0.1%;0.1%;0.1%;100.0%;0.0%;0.0%;0.00%;0.00%;0.00%;0.00%;0.00%;0.00%;0.00%;0.00%;0.00%;0.00%;0.00%;0.00%;0.00%;0.00%;0.01%;15.59%;84.28%;0.12%;0.01%;0.00%;0.00%;0.00%

lv0: (groupid=0, jobs=1): err= 0: pid=3842900: Thu May 21 11:32:08 2020
   read: IOPS=128, BW=516MiB/s (541MB/s)(302GiB/600116msec)
    slat (usec): min=96, max=7059, avg=231.61, stdev=96.92
    clat (msec): min=23, max=539, avg=123.86, stdev=23.17
     lat (msec): min=26, max=539, avg=124.09, stdev=23.17
    clat percentiles (msec):
     |  1.00th=[   87],  5.00th=[   91], 10.00th=[   94], 20.00th=[  105],
     | 30.00th=[  111], 40.00th=[  117], 50.00th=[  124], 60.00th=[  129],
     | 70.00th=[  136], 80.00th=[  142], 90.00th=[  153], 95.00th=[  161],
     | 99.00th=[  178], 99.50th=[  186], 99.90th=[  279], 99.95th=[  388],
     | 99.99th=[  477]
   bw (  KiB/s): min=204800, max=745472, per=99.99%, avg=528039.24, stdev=71931.60, samples=1200
   iops        : min=   50, max=  182, avg=128.88, stdev=17.57, samples=1200
  lat (msec)   : 50=0.01%, 100=15.59%, 250=84.28%, 500=0.12%, 750=0.01%
  cpu          : usr=0.13%, sys=3.14%, ctx=77684, majf=0, minf=32790
  IO depths    : 1=0.1%, 2=0.1%, 4=0.1%, 8=0.1%, 16=100.0%, 32=0.0%, >=64=0.0%
     submit    : 0=0.0%, 4=100.0%, 8=0.0%, 16=0.0%, 32=0.0%, 64=0.0%, >=64=0.0%
     complete  : 0=0.0%, 4=100.0%, 8=0.0%, 16=0.1%, 32=0.0%, 64=0.0%, >=64=0.0%
     issued rwt: total=77372,0,0, short=0,0,0, dropped=0,0,0
     latency   : target=0, window=0, percentile=100.00%, depth=16

Run status group 0 (all jobs):
   READ: bw=516MiB/s (541MB/s), 516MiB/s-516MiB/s (541MB/s-541MB/s), io=302GiB (325GB), run=600116-600116msec
