read-8k: (g=0): rw=read, bs=(R) 8192B-8192B, (W) 8192B-8192B, (T) 8192B-8192B, ioengine=rbd, iodepth=16
fio-3.1
Starting 1 process
3;fio-3.1;read-8k;0;0;22271320;37118;4639;600004;0;1354;3.027732;2.468208;555;1315696;3444.625945;6679.031413;1.000000%=1400;5.000000%=1712;10.000000%=1875;20.000000%=2146;30.000000%=2408;40.000000%=2637;50.000000%=2834;60.000000%=2998;70.000000%=3194;80.000000%=3424;90.000000%=3850;95.000000%=4620;99.000000%=20578;99.500000%=33816;99.900000%=90701;99.950000%=96993;99.990000%=156237;0%=0;0%=0;0%=0;558;1315700;3447.653677;6679.068489;112;62216;100.000000%;37177.778982;11188.900038;0;0;0;0;0;0;0.000000;0.000000;0;0;0.000000;0.000000;1.000000%=0;5.000000%=0;10.000000%=0;20.000000%=0;30.000000%=0;40.000000%=0;50.000000%=0;60.000000%=0;70.000000%=0;80.000000%=0;90.000000%=0;95.000000%=0;99.000000%=0;99.500000%=0;99.900000%=0;99.950000%=0;99.990000%=0;0%=0;0%=0;0%=0;0;0;0.000000;0.000000;0;0;0.000000%;0.000000;0.000000;32.924002%;65.903670%;2519108;0;1001;0.1%;0.1%;0.1%;0.1%;100.0%;0.0%;0.0%;0.00%;0.00%;0.00%;0.00%;0.00%;0.00%;0.00%;0.00%;0.01%;0.07%;14.36%;77.48%;5.82%;1.22%;0.76%;0.25%;0.04%;0.01%;0.01%;0.01%;0.01%;0.00%;sda;0;23192;0;12139;0;206048;206036;0.94%

read-8k: (groupid=0, jobs=1): err= 0: pid=3611804: Thu May 21 09:24:55 2020
   read: IOPS=4639, BW=36.2MiB/s (38.0MB/s)(21.2GiB/600004msec)
    slat (nsec): min=444, max=1354.9k, avg=3027.73, stdev=2468.21
    clat (usec): min=555, max=1315.7k, avg=3444.63, stdev=6679.03
     lat (usec): min=558, max=1315.7k, avg=3447.65, stdev=6679.07
    clat percentiles (usec):
     |  1.00th=[  1401],  5.00th=[  1713], 10.00th=[  1876], 20.00th=[  2147],
     | 30.00th=[  2409], 40.00th=[  2638], 50.00th=[  2835], 60.00th=[  2999],
     | 70.00th=[  3195], 80.00th=[  3425], 90.00th=[  3851], 95.00th=[  4621],
     | 99.00th=[ 20579], 99.50th=[ 33817], 99.90th=[ 90702], 99.95th=[ 96994],
     | 99.99th=[156238]
   bw (  KiB/s): min=  112, max=62216, per=100.00%, avg=37177.78, stdev=11188.90, samples=1199
   iops        : min=   14, max= 7777, avg=4647.18, stdev=1398.59, samples=1199
  lat (usec)   : 750=0.01%, 1000=0.07%
  lat (msec)   : 2=14.36%, 4=77.48%, 10=5.82%, 20=1.22%, 50=0.76%
  lat (msec)   : 100=0.25%, 250=0.04%, 500=0.01%, 750=0.01%, 1000=0.01%
  lat (msec)   : 2000=0.01%
  cpu          : usr=32.92%, sys=65.90%, ctx=2519108, majf=0, minf=1001
  IO depths    : 1=0.1%, 2=0.1%, 4=0.1%, 8=0.1%, 16=100.0%, 32=0.0%, >=64=0.0%
     submit    : 0=0.0%, 4=100.0%, 8=0.0%, 16=0.0%, 32=0.0%, 64=0.0%, >=64=0.0%
     complete  : 0=0.0%, 4=100.0%, 8=0.0%, 16=0.1%, 32=0.0%, 64=0.0%, >=64=0.0%
     issued rwt: total=2783915,0,0, short=0,0,0, dropped=0,0,0
     latency   : target=0, window=0, percentile=100.00%, depth=16

Run status group 0 (all jobs):
   READ: bw=36.2MiB/s (38.0MB/s), 36.2MiB/s-36.2MiB/s (38.0MB/s-38.0MB/s), io=21.2GiB (22.8GB), run=600004-600004msec

Disk stats (read/write):
  sda: ios=0/23192, merge=0/12139, ticks=0/206048, in_queue=206036, util=0.94%
