libaio_1024_randwrite_8k_ec: (g=0): rw=randwrite, bs=(R) 8192B-8192B, (W) 8192B-8192B, (T) 8192B-8192B, ioengine=libaio, iodepth=1024
fio-3.1
Starting 1 process

libaio_1024_randwrite_8k_ec: (groupid=0, jobs=1): err= 0: pid=1466817: Wed Jun  3 04:52:43 2020
  write: IOPS=5289, BW=41.3MiB/s (43.3MB/s)(24.2GiB/600070msec)
    slat (usec): min=2, max=1838.9k, avg=186.78, stdev=3757.81
    clat (msec): min=16, max=3070, avg=193.34, stdev=186.82
     lat (msec): min=75, max=3070, avg=193.53, stdev=186.95
    clat percentiles (msec):
     |  1.00th=[   83],  5.00th=[   87], 10.00th=[   90], 20.00th=[   94],
     | 30.00th=[   97], 40.00th=[  102], 50.00th=[  108], 60.00th=[  126],
     | 70.00th=[  174], 80.00th=[  275], 90.00th=[  397], 95.00th=[  609],
     | 99.00th=[  919], 99.50th=[ 1116], 99.90th=[ 1485], 99.95th=[ 2265],
     | 99.99th=[ 2601]
   bw (  KiB/s): min=  512, max=93696, per=100.00%, avg=42603.60, stdev=26161.48, samples=1192
   iops        : min=   64, max=11712, avg=5325.41, stdev=3270.17, samples=1192
  lat (msec)   : 20=0.01%, 100=36.67%, 250=40.69%, 500=15.58%, 750=4.83%
  lat (msec)   : 1000=1.46%, 2000=0.70%, >=2000=0.06%
  cpu          : usr=1.36%, sys=2.80%, ctx=107242, majf=0, minf=6351
  IO depths    : 1=0.1%, 2=0.1%, 4=0.1%, 8=0.1%, 16=0.1%, 32=0.1%, >=64=100.0%
     submit    : 0=0.0%, 4=100.0%, 8=0.0%, 16=0.0%, 32=0.0%, 64=0.0%, >=64=0.0%
     complete  : 0=0.0%, 4=100.0%, 8=0.0%, 16=0.0%, 32=0.0%, 64=0.0%, >=64=0.1%
     issued rwt: total=0,3174083,0, short=0,0,0, dropped=0,0,0
     latency   : target=0, window=0, percentile=100.00%, depth=1024

Run status group 0 (all jobs):
  WRITE: bw=41.3MiB/s (43.3MB/s), 41.3MiB/s-41.3MiB/s (43.3MB/s-43.3MB/s), io=24.2GiB (26.0GB), run=600070-600070msec
