libaio_1024_randwrite_4k_ec: (g=0): rw=randwrite, bs=(R) 4096B-4096B, (W) 4096B-4096B, (T) 4096B-4096B, ioengine=libaio, iodepth=1024
fio-3.1
Starting 1 process

libaio_1024_randwrite_4k_ec: (groupid=0, jobs=1): err= 0: pid=1437140: Wed Jun  3 04:22:39 2020
  write: IOPS=5746, BW=22.4MiB/s (23.5MB/s)(13.2GiB/600017msec)
    slat (usec): min=2, max=932905, avg=171.72, stdev=3413.14
    clat (msec): min=15, max=2172, avg=178.00, stdev=181.42
     lat (msec): min=18, max=2172, avg=178.17, stdev=181.55
    clat percentiles (msec):
     |  1.00th=[   72],  5.00th=[   77], 10.00th=[   79], 20.00th=[   84],
     | 30.00th=[   87], 40.00th=[   92], 50.00th=[   99], 60.00th=[  109],
     | 70.00th=[  153], 80.00th=[  232], 90.00th=[  388], 95.00th=[  609],
     | 99.00th=[  927], 99.50th=[ 1083], 99.90th=[ 1318], 99.95th=[ 1418],
     | 99.99th=[ 1720]
   bw (  KiB/s): min=  256, max=55040, per=100.00%, avg=23094.73, stdev=15010.80, samples=1195
   iops        : min=   64, max=13760, avg=5773.64, stdev=3752.71, samples=1195
  lat (msec)   : 20=0.01%, 50=0.01%, 100=52.23%, 250=29.30%, 500=11.40%
  lat (msec)   : 750=4.80%, 1000=1.53%, 2000=0.74%, >=2000=0.01%
  cpu          : usr=1.35%, sys=2.86%, ctx=115776, majf=0, minf=10302
  IO depths    : 1=0.1%, 2=0.1%, 4=0.1%, 8=0.1%, 16=0.1%, 32=0.1%, >=64=100.0%
     submit    : 0=0.0%, 4=100.0%, 8=0.0%, 16=0.0%, 32=0.0%, 64=0.0%, >=64=0.0%
     complete  : 0=0.0%, 4=100.0%, 8=0.0%, 16=0.0%, 32=0.0%, 64=0.0%, >=64=0.1%
     issued rwt: total=0,3448012,0, short=0,0,0, dropped=0,0,0
     latency   : target=0, window=0, percentile=100.00%, depth=1024

Run status group 0 (all jobs):
  WRITE: bw=22.4MiB/s (23.5MB/s), 22.4MiB/s-22.4MiB/s (23.5MB/s-23.5MB/s), io=13.2GiB (14.1GB), run=600017-600017msec
