libaio_1024_randwrite_4k_ec: (g=0): rw=randwrite, bs=(R) 4096B-4096B, (W) 4096B-4096B, (T) 4096B-4096B, ioengine=libaio, iodepth=1024
fio-3.1
Starting 1 process

libaio_1024_randwrite_4k_ec: (groupid=0, jobs=1): err= 0: pid=1571353: Wed Jun  3 06:48:19 2020
  write: IOPS=2018, BW=8073KiB/s (8266kB/s)(4733MiB/600351msec)
    slat (usec): min=2, max=797904, avg=492.95, stdev=6118.03
    clat (msec): min=206, max=3083, avg=506.69, stdev=305.25
     lat (msec): min=206, max=3083, avg=507.18, stdev=305.46
    clat percentiles (msec):
     |  1.00th=[  245],  5.00th=[  266], 10.00th=[  288], 20.00th=[  330],
     | 30.00th=[  347], 40.00th=[  363], 50.00th=[  376], 60.00th=[  393],
     | 70.00th=[  489], 80.00th=[  693], 90.00th=[  919], 95.00th=[ 1116],
     | 99.00th=[ 1720], 99.50th=[ 1989], 99.90th=[ 2400], 99.95th=[ 2467],
     | 99.99th=[ 2970]
   bw (  KiB/s): min=   72, max=17152, per=100.00%, avg=8090.30, stdev=4074.06, samples=1197
   iops        : min=   18, max= 4288, avg=2022.55, stdev=1018.52, samples=1197
  lat (msec)   : 250=1.92%, 500=68.66%, 750=12.23%, 1000=10.00%, 2000=6.73%
  lat (msec)   : >=2000=0.45%
  cpu          : usr=0.46%, sys=0.98%, ctx=39114, majf=0, minf=9493
  IO depths    : 1=0.1%, 2=0.1%, 4=0.1%, 8=0.1%, 16=0.1%, 32=0.1%, >=64=100.0%
     submit    : 0=0.0%, 4=100.0%, 8=0.0%, 16=0.0%, 32=0.0%, 64=0.0%, >=64=0.0%
     complete  : 0=0.0%, 4=100.0%, 8=0.0%, 16=0.0%, 32=0.0%, 64=0.0%, >=64=0.1%
     issued rwt: total=0,1211584,0, short=0,0,0, dropped=0,0,0
     latency   : target=0, window=0, percentile=100.00%, depth=1024

Run status group 0 (all jobs):
  WRITE: bw=8073KiB/s (8266kB/s), 8073KiB/s-8073KiB/s (8266kB/s-8266kB/s), io=4733MiB (4963MB), run=600351-600351msec
