libaio_1024_randwrite_8k_ec: (g=0): rw=randwrite, bs=(R) 8192B-8192B, (W) 8192B-8192B, (T) 8192B-8192B, ioengine=libaio, iodepth=1024
fio-3.1
Starting 1 process

libaio_1024_randwrite_8k_ec: (groupid=0, jobs=1): err= 0: pid=1598538: Wed Jun  3 07:18:22 2020
  write: IOPS=2172, BW=16.0MiB/s (17.8MB/s)(9.95GiB/600078msec)
    slat (usec): min=2, max=702370, avg=457.92, stdev=6165.00
    clat (msec): min=64, max=3973, avg=470.82, stdev=327.07
     lat (msec): min=77, max=3973, avg=471.28, stdev=327.31
    clat percentiles (msec):
     |  1.00th=[  253],  5.00th=[  275], 10.00th=[  284], 20.00th=[  296],
     | 30.00th=[  305], 40.00th=[  313], 50.00th=[  326], 60.00th=[  338],
     | 70.00th=[  426], 80.00th=[  617], 90.00th=[  869], 95.00th=[ 1116],
     | 99.00th=[ 1871], 99.50th=[ 2106], 99.90th=[ 2668], 99.95th=[ 3306],
     | 99.99th=[ 3608]
   bw (  KiB/s): min=  510, max=33724, per=100.00%, avg=17380.11, stdev=9077.58, samples=1199
   iops        : min=   63, max= 4215, avg=2172.48, stdev=1134.70, samples=1199
  lat (msec)   : 100=0.01%, 250=0.78%, 500=72.85%, 750=11.47%, 1000=8.38%
  lat (msec)   : 2000=5.79%, >=2000=0.74%
  cpu          : usr=0.57%, sys=1.10%, ctx=42206, majf=0, minf=14528
  IO depths    : 1=0.1%, 2=0.1%, 4=0.1%, 8=0.1%, 16=0.1%, 32=0.1%, >=64=100.0%
     submit    : 0=0.0%, 4=100.0%, 8=0.0%, 16=0.0%, 32=0.0%, 64=0.0%, >=64=0.0%
     complete  : 0=0.0%, 4=100.0%, 8=0.0%, 16=0.0%, 32=0.0%, 64=0.0%, >=64=0.1%
     issued rwt: total=0,1303618,0, short=0,0,0, dropped=0,0,0
     latency   : target=0, window=0, percentile=100.00%, depth=1024

Run status group 0 (all jobs):
  WRITE: bw=16.0MiB/s (17.8MB/s), 16.0MiB/s-16.0MiB/s (17.8MB/s-17.8MB/s), io=9.95GiB (10.7GB), run=600078-600078msec
