libaio_1024_randwrite_1m_ec: (g=0): rw=randwrite, bs=(R) 1024KiB-1024KiB, (W) 1024KiB-1024KiB, (T) 1024KiB-1024KiB, ioengine=libaio, iodepth=1024
fio-3.1
Starting 1 process

libaio_1024_randwrite_1m_ec: (groupid=0, jobs=1): err= 0: pid=1541166: Wed Jun  3 06:18:14 2020
  write: IOPS=236, BW=236MiB/s (248MB/s)(139GiB/600233msec)
    slat (usec): min=31, max=1696.2k, avg=4223.35, stdev=21130.35
    clat (msec): min=215, max=10194, avg=4311.78, stdev=1005.82
     lat (msec): min=278, max=10194, avg=4316.00, stdev=1006.39
    clat percentiles (msec):
     |  1.00th=[ 3440],  5.00th=[ 3540], 10.00th=[ 3608], 20.00th=[ 3742],
     | 30.00th=[ 3842], 40.00th=[ 3943], 50.00th=[ 4044], 60.00th=[ 4144],
     | 70.00th=[ 4279], 80.00th=[ 4530], 90.00th=[ 5470], 95.00th=[ 6477],
     | 99.00th=[ 9194], 99.50th=[ 9731], 99.90th=[10000], 99.95th=[10000],
     | 99.99th=[10134]
   bw (  KiB/s): min=26624, max=327680, per=100.00%, avg=243266.34, stdev=76619.42, samples=1186
   iops        : min=   26, max=  320, avg=237.54, stdev=74.83, samples=1186
  lat (msec)   : 250=0.01%, 500=0.06%, 750=0.05%, 1000=0.05%, 2000=0.20%
  lat (msec)   : >=2000=99.65%
  cpu          : usr=1.93%, sys=1.18%, ctx=11600, majf=0, minf=19
  IO depths    : 1=0.1%, 2=0.1%, 4=0.1%, 8=0.1%, 16=0.1%, 32=0.1%, >=64=100.0%
     submit    : 0=0.0%, 4=100.0%, 8=0.0%, 16=0.0%, 32=0.0%, 64=0.0%, >=64=0.0%
     complete  : 0=0.0%, 4=100.0%, 8=0.0%, 16=0.0%, 32=0.0%, 64=0.0%, >=64=0.1%
     issued rwt: total=0,141914,0, short=0,0,0, dropped=0,0,0
     latency   : target=0, window=0, percentile=100.00%, depth=1024

Run status group 0 (all jobs):
  WRITE: bw=236MiB/s (248MB/s), 236MiB/s-236MiB/s (248MB/s-248MB/s), io=139GiB (149GB), run=600233-600233msec
